Using pre-set license
Built from '2021.3/china_unity/release' branch; Version is '2021.3.6f1c1 (07401303b748) revision 475155'; Using compiler version '192829333'; Build Type 'Release'
OS: 'Windows 10  (10.0.19044) 64bit CoreCountrySpecific' Language: 'zh' Physical Memory: 65404 MB
BatchMode: 1, IsHumanControllingUs: 0, StartBugReporterOnCrash: 0, Is64bit: 1, IsPro: 1

COMMAND LINE ARGUMENTS:
D:\Unity\2021.3.6f1c1\Editor\Unity.exe
-adb2
-batchMode
-noUpm
-name
AssetImportWorker3
-projectPath
D:/developer/Unity/GitHub Projects/UAL_CriticalPlay_Autobiography
-logFile
Logs/AssetImportWorker3.log
-srvPort
52682
Successfully changed project path to: D:/developer/Unity/GitHub Projects/UAL_CriticalPlay_Autobiography
D:/developer/Unity/GitHub Projects/UAL_CriticalPlay_Autobiography
[UnityMemory] Configuration Parameters - Can be set up in boot.config
    "memorysetup-bucket-allocator-granularity=16"
    "memorysetup-bucket-allocator-bucket-count=8"
    "memorysetup-bucket-allocator-block-size=33554432"
    "memorysetup-bucket-allocator-block-count=8"
    "memorysetup-main-allocator-block-size=16777216"
    "memorysetup-thread-allocator-block-size=16777216"
    "memorysetup-gfx-main-allocator-block-size=16777216"
    "memorysetup-gfx-thread-allocator-block-size=16777216"
    "memorysetup-cache-allocator-block-size=4194304"
    "memorysetup-typetree-allocator-block-size=2097152"
    "memorysetup-profiler-bucket-allocator-granularity=16"
    "memorysetup-profiler-bucket-allocator-bucket-count=8"
    "memorysetup-profiler-bucket-allocator-block-size=33554432"
    "memorysetup-profiler-bucket-allocator-block-count=8"
    "memorysetup-profiler-allocator-block-size=16777216"
    "memorysetup-profiler-editor-allocator-block-size=1048576"
    "memorysetup-temp-allocator-size-main=16777216"
    "memorysetup-job-temp-allocator-block-size=2097152"
    "memorysetup-job-temp-allocator-block-size-background=1048576"
    "memorysetup-job-temp-allocator-reduction-small-platforms=262144"
    "memorysetup-temp-allocator-size-background-worker=32768"
    "memorysetup-temp-allocator-size-job-worker=262144"
    "memorysetup-temp-allocator-size-preload-manager=33554432"
    "memorysetup-temp-allocator-size-nav-mesh-worker=65536"
    "memorysetup-temp-allocator-size-audio-worker=65536"
    "memorysetup-temp-allocator-size-cloud-worker=32768"
    "memorysetup-temp-allocator-size-gi-baking-worker=262144"
    "memorysetup-temp-allocator-size-gfx=262144"
AS: AutoStreaming module initializing.
Refreshing native plugins compatible for Editor in 114.02 ms, found 3 plugins.
Preloading 0 native plugins for Editor in 0.00 ms.
Initialize engine version: 2021.3.6f1c1 (07401303b748)
[Subsystems] Discovering subsystems at path D:/Unity/2021.3.6f1c1/Editor/Data/Resources/UnitySubsystems
[Subsystems] Discovering subsystems at path D:/developer/Unity/GitHub Projects/UAL_CriticalPlay_Autobiography/Assets
GfxDevice: creating device client; threaded=0; jobified=0
Direct3D:
    Version:  Direct3D 11.0 [level 11.1]
    Renderer: NVIDIA GeForce RTX 3080 Laptop GPU (ID=0x24dc)
    Vendor:   NVIDIA
    VRAM:     16201 MB
    Driver:   30.0.15.1236
Initialize mono
Mono path[0] = 'D:/Unity/2021.3.6f1c1/Editor/Data/Managed'
Mono path[1] = 'D:/Unity/2021.3.6f1c1/Editor/Data/MonoBleedingEdge/lib/mono/unityjit-win32'
Mono config path = 'D:/Unity/2021.3.6f1c1/Editor/Data/MonoBleedingEdge/etc'
Using monoOptions --debugger-agent=transport=dt_socket,embedding=1,server=y,suspend=n,address=127.0.0.1:56432
Begin MonoManager ReloadAssembly
Registering precompiled unity dll's ...
Register platform support module: D:/Unity/2021.3.6f1c1/Editor/Data/PlaybackEngines/WebGLSupport/UnityEditor.WebGL.Extensions.dll
Register platform support module: D:/Unity/2021.3.6f1c1/Editor/Data/PlaybackEngines/AndroidPlayer/UnityEditor.Android.Extensions.dll
Register platform support module: D:/Unity/2021.3.6f1c1/Editor/Data/PlaybackEngines/iOSSupport/UnityEditor.iOS.Extensions.dll
Register platform support module: D:/Unity/2021.3.6f1c1/Editor/Data/PlaybackEngines/WindowsStandaloneSupport/UnityEditor.WindowsStandalone.Extensions.dll
Register platform support module: D:/Unity/2021.3.6f1c1/Editor/Data/PlaybackEngines/MetroSupport/UnityEditor.UWP.Extensions.dll
Registered in 0.010258 seconds.
Native extension for UWP target not found
Native extension for WindowsStandalone target not found
[usbmuxd] Start listen thread
[usbmuxd] Listen thread started
Native extension for iOS target not found
Native extension for Android target not found
Native extension for WebGL target not found
Refreshing native plugins compatible for Editor in 108.13 ms, found 3 plugins.
Preloading 0 native plugins for Editor in 0.00 ms.
Mono: successfully reloaded assembly
- Completed reload, in  0.717 seconds
Domain Reload Profiling:
	ReloadAssembly (718ms)
		BeginReloadAssembly (101ms)
			ExecutionOrderSort (0ms)
			DisableScriptedObjects (0ms)
			BackupInstance (0ms)
			ReleaseScriptingObjects (0ms)
			CreateAndSetChildDomain (1ms)
		EndReloadAssembly (494ms)
			LoadAssemblies (96ms)
			RebuildTransferFunctionScriptingTraits (0ms)
			SetupTypeCache (99ms)
			ReleaseScriptCaches (0ms)
			RebuildScriptCaches (25ms)
			SetupLoadedEditorAssemblies (308ms)
				LogAssemblyErrors (0ms)
				InitializePlatformSupportModulesInManaged (61ms)
				SetLoadedEditorAssemblies (2ms)
				RefreshPlugins (108ms)
				BeforeProcessingInitializeOnLoad (2ms)
				ProcessInitializeOnLoadAttributes (91ms)
				ProcessInitializeOnLoadMethodAttributes (44ms)
				AfterProcessingInitializeOnLoad (0ms)
				EditorAssembliesLoaded (0ms)
			ExecutionOrderSort2 (0ms)
			AwakeInstancesAfterBackupRestoration (0ms)
Platform modules already initialized, skipping
Registering precompiled user dll's ...
Registered in 0.030174 seconds.
Begin MonoManager ReloadAssembly
Symbol file LoadedFromMemory doesn't match image D:\developer\Unity\GitHub Projects\UAL_CriticalPlay_Autobiography\Library\PackageCache\com.unity.visualscripting@1.7.8\Editor\VisualScripting.Core\Dependencies\YamlDotNet\Unity.VisualScripting.YamlDotNet.dll
Symbol file LoadedFromMemory doesn't match image D:\developer\Unity\GitHub Projects\UAL_CriticalPlay_Autobiography\Library\PackageCache\com.unity.visualscripting@1.7.8\Editor\VisualScripting.Core\Dependencies\DotNetZip\Unity.VisualScripting.IonicZip.dll
Native extension for UWP target not found
Native extension for WindowsStandalone target not found
Native extension for iOS target not found
Native extension for Android target not found
Native extension for WebGL target not found
Refreshing native plugins compatible for Editor in 111.97 ms, found 3 plugins.
Preloading 0 native plugins for Editor in 0.00 ms.
Mono: successfully reloaded assembly
- Completed reload, in  1.711 seconds
Domain Reload Profiling:
	ReloadAssembly (1711ms)
		BeginReloadAssembly (361ms)
			ExecutionOrderSort (0ms)
			DisableScriptedObjects (6ms)
			BackupInstance (0ms)
			ReleaseScriptingObjects (0ms)
			CreateAndSetChildDomain (236ms)
		EndReloadAssembly (1212ms)
			LoadAssemblies (149ms)
			RebuildTransferFunctionScriptingTraits (0ms)
			SetupTypeCache (278ms)
			ReleaseScriptCaches (1ms)
			RebuildScriptCaches (66ms)
			SetupLoadedEditorAssemblies (680ms)
				LogAssemblyErrors (0ms)
				InitializePlatformSupportModulesInManaged (24ms)
				SetLoadedEditorAssemblies (0ms)
				RefreshPlugins (112ms)
				BeforeProcessingInitializeOnLoad (120ms)
				ProcessInitializeOnLoadAttributes (327ms)
				ProcessInitializeOnLoadMethodAttributes (76ms)
				AfterProcessingInitializeOnLoad (19ms)
				EditorAssembliesLoaded (0ms)
			ExecutionOrderSort2 (0ms)
			AwakeInstancesAfterBackupRestoration (7ms)
Platform modules already initialized, skipping
========================================================================
Worker process is ready to serve import requests
Launched and connected shader compiler UnityShaderCompiler.exe after 0.05 seconds
Refreshing native plugins compatible for Editor in 1.75 ms, found 3 plugins.
Preloading 0 native plugins for Editor in 0.00 ms.
Unloading 5729 Unused Serialized files (Serialized files now loaded: 0)
Unloading 41 unused Assets / (0.8 MB). Loaded Objects now: 6183.
Memory consumption went from 229.1 MB to 228.3 MB.
Total: 4.105300 ms (FindLiveObjects: 0.406700 ms CreateObjectMapping: 0.357200 ms MarkObjects: 3.046300 ms  DeleteObjects: 0.294400 ms)

AssetImportParameters requested are different than current active one (requested -> active):
  custom:video-decoder-ogg-theora: a1e56fd34408186e4bbccfd4996cb3dc -> 
  custom:container-muxer-webm: aa71ff27fc2769a1b78a27578f13a17b -> 
  custom:container-demuxer-webm: 4f35f7cbe854078d1ac9338744f61a02 -> 
  custom:video-encoder-webm-vp8: eb34c28f22e8b96e1ab97ce403110664 -> 
  custom:video-codec-MediaFoundation-h265: 746d11721c4dcdbdad8f713fa42b33f4 -> 
  custom:audio-encoder-webm-vorbis: bf7c407c2cedff20999df2af8eb42d56 -> 
  custom:framework-win-MediaFoundation: 216162199b28c13a410421893ffa2e32 -> 
  custom:container-demuxer-ogg: 62fdf1f143b41e24485cea50d1cbac27 -> 
  custom:video-decoder-webm-vp8: 9c59270c3fd7afecdb556c50c9e8de78 -> 
  custom:audio-decoder-ogg-vorbis: bf7c407c2cedff20999df2af8eb42d56 -> 
========================================================================
Received Import Request.
  Time since last request: 5831.704951 seconds.
  path: Assets/LowPolyInterior/Prefabs/Walls/Corner_04.prefab
  artifactKey: Guid(ab45cf218b65b834da864bb58a4da71e) Importer(815301076,1909f56bfc062723c751e8b465ee728b)
Start importing Assets/LowPolyInterior/Prefabs/Walls/Corner_04.prefab using Guid(ab45cf218b65b834da864bb58a4da71e) Importer(815301076,1909f56bfc062723c751e8b465ee728b)  -> (artifact id: 'bfb2191d3489fd88522763856cbba1be') in 0.322627 seconds 
========================================================================
Received Import Request.
  Time since last request: 0.000036 seconds.
  path: Assets/LowPolyInterior/Prefabs/Walls/Corner_15.prefab
  artifactKey: Guid(85227376b6155664e8bf19e48213e0c0) Importer(815301076,1909f56bfc062723c751e8b465ee728b)
Start importing Assets/LowPolyInterior/Prefabs/Walls/Corner_15.prefab using Guid(85227376b6155664e8bf19e48213e0c0) Importer(815301076,1909f56bfc062723c751e8b465ee728b)  -> (artifact id: 'c4ba24ef7985a231149e16ef60070746') in 0.036342 seconds 
========================================================================
Received Import Request.
  Time since last request: 0.601038 seconds.
  path: Assets/LowPolyInterior/Prefabs/Walls/Door_04.prefab
  artifactKey: Guid(ae1544b139f9fe649bb642d26474d617) Importer(815301076,1909f56bfc062723c751e8b465ee728b)
Start importing Assets/LowPolyInterior/Prefabs/Walls/Door_04.prefab using Guid(ae1544b139f9fe649bb642d26474d617) Importer(815301076,1909f56bfc062723c751e8b465ee728b)  -> (artifact id: 'b5b6777ad291de70c7ad96c04ca933a5') in 0.039086 seconds 
========================================================================
Received Import Request.
  Time since last request: 0.551877 seconds.
  path: Assets/LowPolyInterior/Prefabs/Walls/StairsPart_02.prefab
  artifactKey: Guid(9d4072aa46ee4664f9e839a427ae6a05) Importer(815301076,1909f56bfc062723c751e8b465ee728b)
Start importing Assets/LowPolyInterior/Prefabs/Walls/StairsPart_02.prefab using Guid(9d4072aa46ee4664f9e839a427ae6a05) Importer(815301076,1909f56bfc062723c751e8b465ee728b)  -> (artifact id: '3cfccf7151553222174e13013154d059') in 0.034356 seconds 
========================================================================
Received Import Request.
  Time since last request: 0.007531 seconds.
  path: Assets/LowPolyInterior/Prefabs/Walls/Wall_04.prefab
  artifactKey: Guid(417f7e4e3eb6b2c408eb05d5f7f470ce) Importer(815301076,1909f56bfc062723c751e8b465ee728b)
Start importing Assets/LowPolyInterior/Prefabs/Walls/Wall_04.prefab using Guid(417f7e4e3eb6b2c408eb05d5f7f470ce) Importer(815301076,1909f56bfc062723c751e8b465ee728b)  -> (artifact id: 'fd2c1a770f09b7ef5a31a06ab3ac54e6') in 0.030787 seconds 
========================================================================
Received Import Request.
  Time since last request: 0.839123 seconds.
  path: Assets/LowPolyInterior/Prefabs/Walls/WallFloor1_01.prefab
  artifactKey: Guid(5b99f53fe6b04ce4cb2e6988422ee42f) Importer(815301076,1909f56bfc062723c751e8b465ee728b)
Start importing Assets/LowPolyInterior/Prefabs/Walls/WallFloor1_01.prefab using Guid(5b99f53fe6b04ce4cb2e6988422ee42f) Importer(815301076,1909f56bfc062723c751e8b465ee728b)  -> (artifact id: 'c1e65ac74e8ae95c0964b964571d1bb0') in 0.034138 seconds 
========================================================================
Received Import Request.
  Time since last request: 1.587243 seconds.
  path: Assets/LowPolyInterior/Prefabs/Walls/WallFloor2_04.prefab
  artifactKey: Guid(21d4564128a7bb04681c9f29c343e0c2) Importer(815301076,1909f56bfc062723c751e8b465ee728b)
Start importing Assets/LowPolyInterior/Prefabs/Walls/WallFloor2_04.prefab using Guid(21d4564128a7bb04681c9f29c343e0c2) Importer(815301076,1909f56bfc062723c751e8b465ee728b)  -> (artifact id: 'c00b0af8434e80c7096e8f5fa6d51cfd') in 0.033164 seconds 
========================================================================
Received Import Request.
  Time since last request: 0.000046 seconds.
  path: Assets/LowPolyInterior/Prefabs/Walls/WallFloor2_08.prefab
  artifactKey: Guid(db506a0b4ba88964bb5e5aa63dd23461) Importer(815301076,1909f56bfc062723c751e8b465ee728b)
Start importing Assets/LowPolyInterior/Prefabs/Walls/WallFloor2_08.prefab using Guid(db506a0b4ba88964bb5e5aa63dd23461) Importer(815301076,1909f56bfc062723c751e8b465ee728b)  -> (artifact id: 'f66490f35ff6049151da18efac8ea165') in 0.038595 seconds 
========================================================================
Received Import Request.
  Time since last request: 0.000040 seconds.
  path: Assets/LowPolyInterior/Prefabs/Walls/WallFloor2_12.prefab
  artifactKey: Guid(49e8575f00b0e014980d10d8bb2cc1d8) Importer(815301076,1909f56bfc062723c751e8b465ee728b)
Start importing Assets/LowPolyInterior/Prefabs/Walls/WallFloor2_12.prefab using Guid(49e8575f00b0e014980d10d8bb2cc1d8) Importer(815301076,1909f56bfc062723c751e8b465ee728b)  -> (artifact id: '387941ee0a1a5825d4648a8a3a85a87b') in 0.034855 seconds 
========================================================================
Received Import Request.
  Time since last request: 0.028886 seconds.
  path: Assets/LowPolyInterior/Prefabs/Walls/WallFloor2_16.prefab
  artifactKey: Guid(5febecd3764126d4d98fde851e0b4e45) Importer(815301076,1909f56bfc062723c751e8b465ee728b)
Start importing Assets/LowPolyInterior/Prefabs/Walls/WallFloor2_16.prefab using Guid(5febecd3764126d4d98fde851e0b4e45) Importer(815301076,1909f56bfc062723c751e8b465ee728b)  -> (artifact id: 'e7f1bb3438c6882a1298973107c51e6d') in 0.039682 seconds 
========================================================================
Received Import Request.
  Time since last request: 0.000041 seconds.
  path: Assets/LowPolyInterior/Prefabs/Walls/WallFloor2_18.prefab
  artifactKey: Guid(a936d43848397ec40974cbd484dd35b8) Importer(815301076,1909f56bfc062723c751e8b465ee728b)
Start importing Assets/LowPolyInterior/Prefabs/Walls/WallFloor2_18.prefab using Guid(a936d43848397ec40974cbd484dd35b8) Importer(815301076,1909f56bfc062723c751e8b465ee728b)  -> (artifact id: 'b65f334e770300cae842d694e33b6d7f') in 0.038999 seconds 
========================================================================
Received Import Request.
  Time since last request: 0.000059 seconds.
  path: Assets/LowPolyInterior/Prefabs/Walls/WallFloor2_24.prefab
  artifactKey: Guid(118ab69560f05304794dbfa8f5ed143b) Importer(815301076,1909f56bfc062723c751e8b465ee728b)
Start importing Assets/LowPolyInterior/Prefabs/Walls/WallFloor2_24.prefab using Guid(118ab69560f05304794dbfa8f5ed143b) Importer(815301076,1909f56bfc062723c751e8b465ee728b)  -> (artifact id: '2c39b3292f8e896236ea53268276bba3') in 0.033969 seconds 
========================================================================
Received Import Request.
  Time since last request: 10.050420 seconds.
  path: Assets/LowPolyInterior/Prefabs/InteractiveFurniture/InteractiveFurniture_03.prefab
  artifactKey: Guid(bc9080a23bccd8e4887f6a1ff1b1be24) Importer(815301076,1909f56bfc062723c751e8b465ee728b)
Start importing Assets/LowPolyInterior/Prefabs/InteractiveFurniture/InteractiveFurniture_03.prefab using Guid(bc9080a23bccd8e4887f6a1ff1b1be24) Importer(815301076,1909f56bfc062723c751e8b465ee728b)  -> (artifact id: 'edb98fec6430e269dc0191cf74c5760b') in 0.038697 seconds 
========================================================================
Received Import Request.
  Time since last request: 0.000031 seconds.
  path: Assets/LowPolyInterior/Prefabs/InteractiveFurniture/InteractiveFurniture_04.prefab
  artifactKey: Guid(09fce0d23ad2135419712d65f208331b) Importer(815301076,1909f56bfc062723c751e8b465ee728b)
Start importing Assets/LowPolyInterior/Prefabs/InteractiveFurniture/InteractiveFurniture_04.prefab using Guid(09fce0d23ad2135419712d65f208331b) Importer(815301076,1909f56bfc062723c751e8b465ee728b)  -> (artifact id: 'e471e3caa4d462b69324353fdd310878') in 0.080363 seconds 
========================================================================
Received Import Request.
  Time since last request: 0.000041 seconds.
  path: Assets/LowPolyInterior/Prefabs/InteractiveFurniture/InteractiveFurniture_10.prefab
  artifactKey: Guid(c00ea538aedf58a4fbf7d2308175e091) Importer(815301076,1909f56bfc062723c751e8b465ee728b)
Start importing Assets/LowPolyInterior/Prefabs/InteractiveFurniture/InteractiveFurniture_10.prefab using Guid(c00ea538aedf58a4fbf7d2308175e091) Importer(815301076,1909f56bfc062723c751e8b465ee728b)  -> (artifact id: '1763d51674347f1b28a7da08cc121e34') in 0.040774 seconds 
========================================================================
Received Import Request.
  Time since last request: 0.694341 seconds.
  path: Assets/LowPolyInterior/Prefabs/InteractiveFurniture/InteractiveSink_01.prefab
  artifactKey: Guid(fc980bc712e66fc4dbf9a372d70f7531) Importer(815301076,1909f56bfc062723c751e8b465ee728b)
Start importing Assets/LowPolyInterior/Prefabs/InteractiveFurniture/InteractiveSink_01.prefab using Guid(fc980bc712e66fc4dbf9a372d70f7531) Importer(815301076,1909f56bfc062723c751e8b465ee728b)  -> (artifact id: '6446bbf83772435b9414234fb354faef') in 0.037310 seconds 
========================================================================
Received Import Request.
  Time since last request: 0.000046 seconds.
  path: Assets/LowPolyInterior/Prefabs/InteractiveFurniture/ShowerTable_04.prefab
  artifactKey: Guid(e608c55d59b1b86468d1c2d3db650b75) Importer(815301076,1909f56bfc062723c751e8b465ee728b)
Start importing Assets/LowPolyInterior/Prefabs/InteractiveFurniture/ShowerTable_04.prefab using Guid(e608c55d59b1b86468d1c2d3db650b75) Importer(815301076,1909f56bfc062723c751e8b465ee728b)  -> (artifact id: '222d91af939ba0f4a1e565f5972882c0') in 0.037151 seconds 
========================================================================
Received Import Request.
  Time since last request: 11.496522 seconds.
  path: Assets/LowPolyInterior/Prefabs/Room/Bed2_03.prefab
  artifactKey: Guid(0e9d18fc4326d584bbd0142e8e3e91c9) Importer(815301076,1909f56bfc062723c751e8b465ee728b)
Start importing Assets/LowPolyInterior/Prefabs/Room/Bed2_03.prefab using Guid(0e9d18fc4326d584bbd0142e8e3e91c9) Importer(815301076,1909f56bfc062723c751e8b465ee728b)  -> (artifact id: '4f62cd2429f0988bb74d31a933cbf907') in 0.032426 seconds 
========================================================================
Received Import Request.
  Time since last request: 0.000042 seconds.
  path: Assets/LowPolyInterior/Prefabs/Room/Book_04.prefab
  artifactKey: Guid(fcee60bf92be97f45bcd757fe68c58e9) Importer(815301076,1909f56bfc062723c751e8b465ee728b)
Start importing Assets/LowPolyInterior/Prefabs/Room/Book_04.prefab using Guid(fcee60bf92be97f45bcd757fe68c58e9) Importer(815301076,1909f56bfc062723c751e8b465ee728b)  -> (artifact id: '52330b5e4b08ca25473b931957d73551') in 0.041392 seconds 
========================================================================
Received Import Request.
  Time since last request: 0.000042 seconds.
  path: Assets/LowPolyInterior/Prefabs/Room/Box.prefab
  artifactKey: Guid(a30a1848c63e8504eade6a510775e9d2) Importer(815301076,1909f56bfc062723c751e8b465ee728b)
Start importing Assets/LowPolyInterior/Prefabs/Room/Box.prefab using Guid(a30a1848c63e8504eade6a510775e9d2) Importer(815301076,1909f56bfc062723c751e8b465ee728b)  -> (artifact id: 'e66595ee9cdc251d64e3bfc2e7710ad7') in 0.032350 seconds 
========================================================================
Received Import Request.
  Time since last request: 0.000035 seconds.
  path: Assets/LowPolyInterior/Prefabs/Room/Catpet_01.prefab
  artifactKey: Guid(0f004eb7b587f2948a6af4ca49b21b9c) Importer(815301076,1909f56bfc062723c751e8b465ee728b)
Start importing Assets/LowPolyInterior/Prefabs/Room/Catpet_01.prefab using Guid(0f004eb7b587f2948a6af4ca49b21b9c) Importer(815301076,1909f56bfc062723c751e8b465ee728b)  -> (artifact id: '56851c6f4053a9ac3763ec538bea3371') in 0.037713 seconds 
========================================================================
Received Import Request.
  Time since last request: 1.173193 seconds.
  path: Assets/LowPolyInterior/Prefabs/Room/Clock_01.prefab
  artifactKey: Guid(2b5395ba2dd1d8347a0e61831b56e9a9) Importer(815301076,1909f56bfc062723c751e8b465ee728b)
Start importing Assets/LowPolyInterior/Prefabs/Room/Clock_01.prefab using Guid(2b5395ba2dd1d8347a0e61831b56e9a9) Importer(815301076,1909f56bfc062723c751e8b465ee728b)  -> (artifact id: 'eeae65ed6bce2f72186b0dafed7f4c99') in 0.034632 seconds 
========================================================================
Received Import Request.
  Time since last request: 0.000032 seconds.
  path: Assets/LowPolyInterior/Prefabs/Room/Fireplace_01.prefab
  artifactKey: Guid(16b8bbb85d37802479822767bb08f8a8) Importer(815301076,1909f56bfc062723c751e8b465ee728b)
Start importing Assets/LowPolyInterior/Prefabs/Room/Fireplace_01.prefab using Guid(16b8bbb85d37802479822767bb08f8a8) Importer(815301076,1909f56bfc062723c751e8b465ee728b)  -> (artifact id: '0d764f52f6408fa6134eaf401c6d22fc') in 0.038039 seconds 
========================================================================
Received Import Request.
  Time since last request: 0.874348 seconds.
  path: Assets/LowPolyInterior/Prefabs/Room/PC_Carpet.prefab
  artifactKey: Guid(9dc473f7847b07340b1803327315af84) Importer(815301076,1909f56bfc062723c751e8b465ee728b)
Start importing Assets/LowPolyInterior/Prefabs/Room/PC_Carpet.prefab using Guid(9dc473f7847b07340b1803327315af84) Importer(815301076,1909f56bfc062723c751e8b465ee728b)  -> (artifact id: 'bce162d02106f8e9bb9fc32c956cd90f') in 0.030833 seconds 
========================================================================
Received Import Request.
  Time since last request: 10.405965 seconds.
  path: Assets/LowPolyInterior/Prefabs/Room/Picture_04.prefab
  artifactKey: Guid(a3a862a8a79e6b14a8a73e934ac13793) Importer(815301076,1909f56bfc062723c751e8b465ee728b)
Start importing Assets/LowPolyInterior/Prefabs/Room/Picture_04.prefab using Guid(a3a862a8a79e6b14a8a73e934ac13793) Importer(815301076,1909f56bfc062723c751e8b465ee728b)  -> (artifact id: 'b46b4cadf548563aa70b01e8718d44b5') in 0.037917 seconds 
========================================================================
Received Import Request.
  Time since last request: 0.055960 seconds.
  path: Assets/LowPolyInterior/Prefabs/Room/Pillow_01.prefab
  artifactKey: Guid(3b192fa729d55eb4c857074535373b01) Importer(815301076,1909f56bfc062723c751e8b465ee728b)
Start importing Assets/LowPolyInterior/Prefabs/Room/Pillow_01.prefab using Guid(3b192fa729d55eb4c857074535373b01) Importer(815301076,1909f56bfc062723c751e8b465ee728b)  -> (artifact id: '464d155a16bb13be81d4d87992d96044') in 0.034716 seconds 
Editor requested this worker to shutdown with reason: Scaling down because of idle timeout
AssetImportWorker is now disconnected from the server
Process exiting
Exiting without the bug reporter. Application will terminate with return code 0