Using pre-set license
Built from '2021.3/china_unity/release' branch; Version is '2021.3.6f1c1 (07401303b748) revision 475155'; Using compiler version '192829333'; Build Type 'Release'
OS: 'Windows 10  (10.0.19044) 64bit CoreCountrySpecific' Language: 'zh' Physical Memory: 65404 MB
BatchMode: 1, IsHumanControllingUs: 0, StartBugReporterOnCrash: 0, Is64bit: 1, IsPro: 1

COMMAND LINE ARGUMENTS:
D:\Unity\2021.3.6f1c1\Editor\Unity.exe
-adb2
-batchMode
-noUpm
-name
AssetImportWorker7
-projectPath
D:/developer/Unity/GitHub Projects/UAL_CriticalPlay_Autobiography
-logFile
Logs/AssetImportWorker7.log
-srvPort
52682
Successfully changed project path to: D:/developer/Unity/GitHub Projects/UAL_CriticalPlay_Autobiography
D:/developer/Unity/GitHub Projects/UAL_CriticalPlay_Autobiography
[UnityMemory] Configuration Parameters - Can be set up in boot.config
    "memorysetup-bucket-allocator-granularity=16"
    "memorysetup-bucket-allocator-bucket-count=8"
    "memorysetup-bucket-allocator-block-size=33554432"
    "memorysetup-bucket-allocator-block-count=8"
    "memorysetup-main-allocator-block-size=16777216"
    "memorysetup-thread-allocator-block-size=16777216"
    "memorysetup-gfx-main-allocator-block-size=16777216"
    "memorysetup-gfx-thread-allocator-block-size=16777216"
    "memorysetup-cache-allocator-block-size=4194304"
    "memorysetup-typetree-allocator-block-size=2097152"
    "memorysetup-profiler-bucket-allocator-granularity=16"
    "memorysetup-profiler-bucket-allocator-bucket-count=8"
    "memorysetup-profiler-bucket-allocator-block-size=33554432"
    "memorysetup-profiler-bucket-allocator-block-count=8"
    "memorysetup-profiler-allocator-block-size=16777216"
    "memorysetup-profiler-editor-allocator-block-size=1048576"
    "memorysetup-temp-allocator-size-main=16777216"
    "memorysetup-job-temp-allocator-block-size=2097152"
    "memorysetup-job-temp-allocator-block-size-background=1048576"
    "memorysetup-job-temp-allocator-reduction-small-platforms=262144"
    "memorysetup-temp-allocator-size-background-worker=32768"
    "memorysetup-temp-allocator-size-job-worker=262144"
    "memorysetup-temp-allocator-size-preload-manager=33554432"
    "memorysetup-temp-allocator-size-nav-mesh-worker=65536"
    "memorysetup-temp-allocator-size-audio-worker=65536"
    "memorysetup-temp-allocator-size-cloud-worker=32768"
    "memorysetup-temp-allocator-size-gi-baking-worker=262144"
    "memorysetup-temp-allocator-size-gfx=262144"
AS: AutoStreaming module initializing.
Refreshing native plugins compatible for Editor in 106.41 ms, found 3 plugins.
Preloading 0 native plugins for Editor in 0.00 ms.
Initialize engine version: 2021.3.6f1c1 (07401303b748)
[Subsystems] Discovering subsystems at path D:/Unity/2021.3.6f1c1/Editor/Data/Resources/UnitySubsystems
[Subsystems] Discovering subsystems at path D:/developer/Unity/GitHub Projects/UAL_CriticalPlay_Autobiography/Assets
GfxDevice: creating device client; threaded=0; jobified=0
Direct3D:
    Version:  Direct3D 11.0 [level 11.1]
    Renderer: NVIDIA GeForce RTX 3080 Laptop GPU (ID=0x24dc)
    Vendor:   NVIDIA
    VRAM:     16201 MB
    Driver:   30.0.15.1236
Initialize mono
Mono path[0] = 'D:/Unity/2021.3.6f1c1/Editor/Data/Managed'
Mono path[1] = 'D:/Unity/2021.3.6f1c1/Editor/Data/MonoBleedingEdge/lib/mono/unityjit-win32'
Mono config path = 'D:/Unity/2021.3.6f1c1/Editor/Data/MonoBleedingEdge/etc'
Using monoOptions --debugger-agent=transport=dt_socket,embedding=1,server=y,suspend=n,address=127.0.0.1:56740
Begin MonoManager ReloadAssembly
Registering precompiled unity dll's ...
Register platform support module: D:/Unity/2021.3.6f1c1/Editor/Data/PlaybackEngines/WebGLSupport/UnityEditor.WebGL.Extensions.dll
Register platform support module: D:/Unity/2021.3.6f1c1/Editor/Data/PlaybackEngines/AndroidPlayer/UnityEditor.Android.Extensions.dll
Register platform support module: D:/Unity/2021.3.6f1c1/Editor/Data/PlaybackEngines/iOSSupport/UnityEditor.iOS.Extensions.dll
Register platform support module: D:/Unity/2021.3.6f1c1/Editor/Data/PlaybackEngines/WindowsStandaloneSupport/UnityEditor.WindowsStandalone.Extensions.dll
Register platform support module: D:/Unity/2021.3.6f1c1/Editor/Data/PlaybackEngines/MetroSupport/UnityEditor.UWP.Extensions.dll
Registered in 0.009505 seconds.
Native extension for UWP target not found
Native extension for WindowsStandalone target not found
[usbmuxd] Start listen thread
[usbmuxd] Listen thread started
Native extension for iOS target not found
Native extension for Android target not found
Native extension for WebGL target not found
Refreshing native plugins compatible for Editor in 103.74 ms, found 3 plugins.
Preloading 0 native plugins for Editor in 0.00 ms.
Mono: successfully reloaded assembly
- Completed reload, in  0.712 seconds
Domain Reload Profiling:
	ReloadAssembly (713ms)
		BeginReloadAssembly (104ms)
			ExecutionOrderSort (0ms)
			DisableScriptedObjects (0ms)
			BackupInstance (0ms)
			ReleaseScriptingObjects (0ms)
			CreateAndSetChildDomain (1ms)
		EndReloadAssembly (487ms)
			LoadAssemblies (97ms)
			RebuildTransferFunctionScriptingTraits (0ms)
			SetupTypeCache (102ms)
			ReleaseScriptCaches (0ms)
			RebuildScriptCaches (27ms)
			SetupLoadedEditorAssemblies (297ms)
				LogAssemblyErrors (0ms)
				InitializePlatformSupportModulesInManaged (60ms)
				SetLoadedEditorAssemblies (1ms)
				RefreshPlugins (104ms)
				BeforeProcessingInitializeOnLoad (1ms)
				ProcessInitializeOnLoadAttributes (85ms)
				ProcessInitializeOnLoadMethodAttributes (45ms)
				AfterProcessingInitializeOnLoad (0ms)
				EditorAssembliesLoaded (0ms)
			ExecutionOrderSort2 (0ms)
			AwakeInstancesAfterBackupRestoration (0ms)
Platform modules already initialized, skipping
Registering precompiled user dll's ...
Registered in 0.030155 seconds.
Begin MonoManager ReloadAssembly
Symbol file LoadedFromMemory doesn't match image D:\developer\Unity\GitHub Projects\UAL_CriticalPlay_Autobiography\Library\PackageCache\com.unity.visualscripting@1.7.8\Editor\VisualScripting.Core\Dependencies\YamlDotNet\Unity.VisualScripting.YamlDotNet.dll
Symbol file LoadedFromMemory doesn't match image D:\developer\Unity\GitHub Projects\UAL_CriticalPlay_Autobiography\Library\PackageCache\com.unity.visualscripting@1.7.8\Editor\VisualScripting.Core\Dependencies\DotNetZip\Unity.VisualScripting.IonicZip.dll
Native extension for UWP target not found
Native extension for WindowsStandalone target not found
Native extension for iOS target not found
Native extension for Android target not found
Native extension for WebGL target not found
Refreshing native plugins compatible for Editor in 111.59 ms, found 3 plugins.
Preloading 0 native plugins for Editor in 0.00 ms.
Mono: successfully reloaded assembly
- Completed reload, in  1.691 seconds
Domain Reload Profiling:
	ReloadAssembly (1691ms)
		BeginReloadAssembly (256ms)
			ExecutionOrderSort (0ms)
			DisableScriptedObjects (7ms)
			BackupInstance (0ms)
			ReleaseScriptingObjects (0ms)
			CreateAndSetChildDomain (132ms)
		EndReloadAssembly (1299ms)
			LoadAssemblies (149ms)
			RebuildTransferFunctionScriptingTraits (0ms)
			SetupTypeCache (273ms)
			ReleaseScriptCaches (1ms)
			RebuildScriptCaches (137ms)
			SetupLoadedEditorAssemblies (680ms)
				LogAssemblyErrors (0ms)
				InitializePlatformSupportModulesInManaged (26ms)
				SetLoadedEditorAssemblies (0ms)
				RefreshPlugins (112ms)
				BeforeProcessingInitializeOnLoad (120ms)
				ProcessInitializeOnLoadAttributes (330ms)
				ProcessInitializeOnLoadMethodAttributes (73ms)
				AfterProcessingInitializeOnLoad (19ms)
				EditorAssembliesLoaded (0ms)
			ExecutionOrderSort2 (0ms)
			AwakeInstancesAfterBackupRestoration (7ms)
Platform modules already initialized, skipping
========================================================================
Worker process is ready to serve import requests
Launched and connected shader compiler UnityShaderCompiler.exe after 0.05 seconds
Refreshing native plugins compatible for Editor in 1.34 ms, found 3 plugins.
Preloading 0 native plugins for Editor in 0.00 ms.
Unloading 5729 Unused Serialized files (Serialized files now loaded: 0)
Unloading 41 unused Assets / (0.8 MB). Loaded Objects now: 6183.
Memory consumption went from 229.1 MB to 228.3 MB.
Total: 4.259700 ms (FindLiveObjects: 0.431600 ms CreateObjectMapping: 0.429600 ms MarkObjects: 3.085700 ms  DeleteObjects: 0.311300 ms)

AssetImportParameters requested are different than current active one (requested -> active):
  custom:video-decoder-ogg-theora: a1e56fd34408186e4bbccfd4996cb3dc -> 
  custom:container-muxer-webm: aa71ff27fc2769a1b78a27578f13a17b -> 
  custom:container-demuxer-webm: 4f35f7cbe854078d1ac9338744f61a02 -> 
  custom:video-encoder-webm-vp8: eb34c28f22e8b96e1ab97ce403110664 -> 
  custom:video-codec-MediaFoundation-h265: 746d11721c4dcdbdad8f713fa42b33f4 -> 
  custom:audio-encoder-webm-vorbis: bf7c407c2cedff20999df2af8eb42d56 -> 
  custom:framework-win-MediaFoundation: 216162199b28c13a410421893ffa2e32 -> 
  custom:container-demuxer-ogg: 62fdf1f143b41e24485cea50d1cbac27 -> 
  custom:video-decoder-webm-vp8: 9c59270c3fd7afecdb556c50c9e8de78 -> 
  custom:audio-decoder-ogg-vorbis: bf7c407c2cedff20999df2af8eb42d56 -> 
========================================================================
Received Import Request.
  Time since last request: 7268.319141 seconds.
  path: Assets/Resources/Sounds/NewAILines/13.mp3
  artifactKey: Guid(dad9f1e35e2a9fe458a805f9640f5b63) Importer(815301076,1909f56bfc062723c751e8b465ee728b)
Start importing Assets/Resources/Sounds/NewAILines/13.mp3 using Guid(dad9f1e35e2a9fe458a805f9640f5b63) Importer(815301076,1909f56bfc062723c751e8b465ee728b)  -> (artifact id: '087b370141e0ff6773f8db581cd559c4') in 0.117643 seconds 
========================================================================
Received Import Request.
  Time since last request: 187.985311 seconds.
  path: Assets/Mocha Inc_/Active Ragdoll Character Controller/Sounds/anvil2.wav
  artifactKey: Guid(a773a2d2f1e7f1443a4a81f4aaddb8ff) Importer(815301076,1909f56bfc062723c751e8b465ee728b)
Start importing Assets/Mocha Inc_/Active Ragdoll Character Controller/Sounds/anvil2.wav using Guid(a773a2d2f1e7f1443a4a81f4aaddb8ff) Importer(815301076,1909f56bfc062723c751e8b465ee728b)  -> (artifact id: 'ee9865c7dae5f307b91bc1f4fb1120e4') in 0.029803 seconds 
========================================================================
Received Import Request.
  Time since last request: 0.000030 seconds.
  path: Assets/Mocha Inc_/Active Ragdoll Character Controller/Sounds/ZombieHurtLong.wav
  artifactKey: Guid(6053aa6e37566b24fabb803822d8236c) Importer(815301076,1909f56bfc062723c751e8b465ee728b)
Start importing Assets/Mocha Inc_/Active Ragdoll Character Controller/Sounds/ZombieHurtLong.wav using Guid(6053aa6e37566b24fabb803822d8236c) Importer(815301076,1909f56bfc062723c751e8b465ee728b)  -> (artifact id: 'a1a6669640eec4c94964dfb55d9fd593') in 0.027741 seconds 
========================================================================
Received Import Request.
  Time since last request: 0.000022 seconds.
  path: Assets/Mocha Inc_/Active Ragdoll Character Controller/Sounds/bricks.wav
  artifactKey: Guid(f1d82b4f45bf1d247bf473c23246b539) Importer(815301076,1909f56bfc062723c751e8b465ee728b)
Start importing Assets/Mocha Inc_/Active Ragdoll Character Controller/Sounds/bricks.wav using Guid(f1d82b4f45bf1d247bf473c23246b539) Importer(815301076,1909f56bfc062723c751e8b465ee728b)  -> (artifact id: 'cbcea856a137a42aa7fb07a76d2b510d') in 0.025348 seconds 
========================================================================
Received Import Request.
  Time since last request: 0.000033 seconds.
  path: Assets/Mocha Inc_/Active Ragdoll Character Controller/Sounds/ballimpact1.wav
  artifactKey: Guid(4b2ffb269a62aa343a2c4407e6b0a7a6) Importer(815301076,1909f56bfc062723c751e8b465ee728b)
Start importing Assets/Mocha Inc_/Active Ragdoll Character Controller/Sounds/ballimpact1.wav using Guid(4b2ffb269a62aa343a2c4407e6b0a7a6) Importer(815301076,1909f56bfc062723c751e8b465ee728b)  -> (artifact id: 'a4a0878651362428ba6b61b5ce023c3f') in 0.028761 seconds 
========================================================================
Received Import Request.
  Time since last request: 0.000067 seconds.
  path: Assets/Mocha Inc_/Active Ragdoll Character Controller/Sounds/metal2.wav
  artifactKey: Guid(f24e6a34149fd024681935a396a657e6) Importer(815301076,1909f56bfc062723c751e8b465ee728b)
Start importing Assets/Mocha Inc_/Active Ragdoll Character Controller/Sounds/metal2.wav using Guid(f24e6a34149fd024681935a396a657e6) Importer(815301076,1909f56bfc062723c751e8b465ee728b)  -> (artifact id: '04829d3536a4711284e4cc1b19a415a0') in 0.042258 seconds 
========================================================================
Received Import Request.
  Time since last request: 0.000032 seconds.
  path: Assets/Mocha Inc_/Active Ragdoll Character Controller/Sounds/pistolShot1.wav
  artifactKey: Guid(babe0631b3afa3544ae72d7b69b7cb7b) Importer(815301076,1909f56bfc062723c751e8b465ee728b)
Start importing Assets/Mocha Inc_/Active Ragdoll Character Controller/Sounds/pistolShot1.wav using Guid(babe0631b3afa3544ae72d7b69b7cb7b) Importer(815301076,1909f56bfc062723c751e8b465ee728b)  -> (artifact id: '85714cc8a559c90ca6d556d5d1e587fe') in 0.027683 seconds 
========================================================================
Received Import Request.
  Time since last request: 0.000031 seconds.
  path: Assets/Mocha Inc_/Active Ragdoll Character Controller/Sounds/metal1.wav
  artifactKey: Guid(e1fa9fb77c73fa94786b86dd73fb209d) Importer(815301076,1909f56bfc062723c751e8b465ee728b)
Start importing Assets/Mocha Inc_/Active Ragdoll Character Controller/Sounds/metal1.wav using Guid(e1fa9fb77c73fa94786b86dd73fb209d) Importer(815301076,1909f56bfc062723c751e8b465ee728b)  -> (artifact id: '870eb4bab71f4b40519f3ca8588b25c4') in 0.025014 seconds 
========================================================================
Received Import Request.
  Time since last request: 0.000027 seconds.
  path: Assets/Mocha Inc_/Active Ragdoll Character Controller/Sounds/ZombieBreathing.flac
  artifactKey: Guid(3831912103ae1154c9d105255722c6b8) Importer(815301076,1909f56bfc062723c751e8b465ee728b)
Start importing Assets/Mocha Inc_/Active Ragdoll Character Controller/Sounds/ZombieBreathing.flac using Guid(3831912103ae1154c9d105255722c6b8) Importer(815301076,1909f56bfc062723c751e8b465ee728b)  -> (artifact id: '0de62eb9395a1280a33b2131a77999ca') in 0.030586 seconds 
========================================================================
Received Import Request.
  Time since last request: 0.000041 seconds.
  path: Assets/Mocha Inc_/Active Ragdoll Character Controller/Sounds/metal3.wav
  artifactKey: Guid(d53448a217336884ea6a1ac6964f59e7) Importer(815301076,1909f56bfc062723c751e8b465ee728b)
Start importing Assets/Mocha Inc_/Active Ragdoll Character Controller/Sounds/metal3.wav using Guid(d53448a217336884ea6a1ac6964f59e7) Importer(815301076,1909f56bfc062723c751e8b465ee728b)  -> (artifact id: '53283f73ca0f5bd6b8343b5355984c2f') in 0.030276 seconds 
========================================================================
Received Import Request.
  Time since last request: 0.000029 seconds.
  path: Assets/Mocha Inc_/Active Ragdoll Character Controller/Sounds/bricks2.wav
  artifactKey: Guid(340fa4f937863594f9cc8d5fb282ae2a) Importer(815301076,1909f56bfc062723c751e8b465ee728b)
Start importing Assets/Mocha Inc_/Active Ragdoll Character Controller/Sounds/bricks2.wav using Guid(340fa4f937863594f9cc8d5fb282ae2a) Importer(815301076,1909f56bfc062723c751e8b465ee728b)  -> (artifact id: '3a25bceb15582ca51d741ce505313613') in 0.026614 seconds 
========================================================================
Received Import Request.
  Time since last request: 0.000033 seconds.
  path: Assets/Mocha Inc_/Active Ragdoll Character Controller/Sounds/gas.wav
  artifactKey: Guid(da1823beefc4b8f4984602077e46e935) Importer(815301076,1909f56bfc062723c751e8b465ee728b)
Start importing Assets/Mocha Inc_/Active Ragdoll Character Controller/Sounds/gas.wav using Guid(da1823beefc4b8f4984602077e46e935) Importer(815301076,1909f56bfc062723c751e8b465ee728b)  -> (artifact id: '6dca749cd27de40871e76b974d7b91a5') in 0.025946 seconds 
========================================================================
Received Import Request.
  Time since last request: 0.000027 seconds.
  path: Assets/Mocha Inc_/Active Ragdoll Character Controller/Sounds/thud1.wav
  artifactKey: Guid(98cf9c58027d76043a1029f8f1dfb7d0) Importer(815301076,1909f56bfc062723c751e8b465ee728b)
Start importing Assets/Mocha Inc_/Active Ragdoll Character Controller/Sounds/thud1.wav using Guid(98cf9c58027d76043a1029f8f1dfb7d0) Importer(815301076,1909f56bfc062723c751e8b465ee728b)  -> (artifact id: '52cb00eef1287d548ba10552ef5b4804') in 0.025774 seconds 
Editor requested this worker to shutdown with reason: Scaling down because of idle timeout
AssetImportWorker is now disconnected from the server
Process exiting
Exiting without the bug reporter. Application will terminate with return code 0