Using pre-set license
Built from '2021.3/china_unity/release' branch; Version is '2021.3.6f1c1 (07401303b748) revision 475155'; Using compiler version '192829333'; Build Type 'Release'
OS: 'Windows 10  (10.0.19044) 64bit CoreCountrySpecific' Language: 'zh' Physical Memory: 65404 MB
BatchMode: 1, IsHumanControllingUs: 0, StartBugReporterOnCrash: 0, Is64bit: 1, IsPro: 1

COMMAND LINE ARGUMENTS:
D:\Unity\2021.3.6f1c1\Editor\Unity.exe
-adb2
-batchMode
-noUpm
-name
AssetImportWorker4
-projectPath
D:/developer/Unity/GitHub Projects/UAL_CriticalPlay_Autobiography
-logFile
Logs/AssetImportWorker4.log
-srvPort
52682
Successfully changed project path to: D:/developer/Unity/GitHub Projects/UAL_CriticalPlay_Autobiography
D:/developer/Unity/GitHub Projects/UAL_CriticalPlay_Autobiography
[UnityMemory] Configuration Parameters - Can be set up in boot.config
    "memorysetup-bucket-allocator-granularity=16"
    "memorysetup-bucket-allocator-bucket-count=8"
    "memorysetup-bucket-allocator-block-size=33554432"
    "memorysetup-bucket-allocator-block-count=8"
    "memorysetup-main-allocator-block-size=16777216"
    "memorysetup-thread-allocator-block-size=16777216"
    "memorysetup-gfx-main-allocator-block-size=16777216"
    "memorysetup-gfx-thread-allocator-block-size=16777216"
    "memorysetup-cache-allocator-block-size=4194304"
    "memorysetup-typetree-allocator-block-size=2097152"
    "memorysetup-profiler-bucket-allocator-granularity=16"
    "memorysetup-profiler-bucket-allocator-bucket-count=8"
    "memorysetup-profiler-bucket-allocator-block-size=33554432"
    "memorysetup-profiler-bucket-allocator-block-count=8"
    "memorysetup-profiler-allocator-block-size=16777216"
    "memorysetup-profiler-editor-allocator-block-size=1048576"
    "memorysetup-temp-allocator-size-main=16777216"
    "memorysetup-job-temp-allocator-block-size=2097152"
    "memorysetup-job-temp-allocator-block-size-background=1048576"
    "memorysetup-job-temp-allocator-reduction-small-platforms=262144"
    "memorysetup-temp-allocator-size-background-worker=32768"
    "memorysetup-temp-allocator-size-job-worker=262144"
    "memorysetup-temp-allocator-size-preload-manager=33554432"
    "memorysetup-temp-allocator-size-nav-mesh-worker=65536"
    "memorysetup-temp-allocator-size-audio-worker=65536"
    "memorysetup-temp-allocator-size-cloud-worker=32768"
    "memorysetup-temp-allocator-size-gi-baking-worker=262144"
    "memorysetup-temp-allocator-size-gfx=262144"
AS: AutoStreaming module initializing.
Refreshing native plugins compatible for Editor in 127.37 ms, found 3 plugins.
Preloading 0 native plugins for Editor in 0.00 ms.
Initialize engine version: 2021.3.6f1c1 (07401303b748)
[Subsystems] Discovering subsystems at path D:/Unity/2021.3.6f1c1/Editor/Data/Resources/UnitySubsystems
[Subsystems] Discovering subsystems at path D:/developer/Unity/GitHub Projects/UAL_CriticalPlay_Autobiography/Assets
GfxDevice: creating device client; threaded=0; jobified=0
Direct3D:
    Version:  Direct3D 11.0 [level 11.1]
    Renderer: NVIDIA GeForce RTX 3080 Laptop GPU (ID=0x24dc)
    Vendor:   NVIDIA
    VRAM:     16201 MB
    Driver:   30.0.15.1236
Initialize mono
Mono path[0] = 'D:/Unity/2021.3.6f1c1/Editor/Data/Managed'
Mono path[1] = 'D:/Unity/2021.3.6f1c1/Editor/Data/MonoBleedingEdge/lib/mono/unityjit-win32'
Mono config path = 'D:/Unity/2021.3.6f1c1/Editor/Data/MonoBleedingEdge/etc'
Using monoOptions --debugger-agent=transport=dt_socket,embedding=1,server=y,suspend=n,address=127.0.0.1:56524
Begin MonoManager ReloadAssembly
Registering precompiled unity dll's ...
Register platform support module: D:/Unity/2021.3.6f1c1/Editor/Data/PlaybackEngines/WebGLSupport/UnityEditor.WebGL.Extensions.dll
Register platform support module: D:/Unity/2021.3.6f1c1/Editor/Data/PlaybackEngines/AndroidPlayer/UnityEditor.Android.Extensions.dll
Register platform support module: D:/Unity/2021.3.6f1c1/Editor/Data/PlaybackEngines/iOSSupport/UnityEditor.iOS.Extensions.dll
Register platform support module: D:/Unity/2021.3.6f1c1/Editor/Data/PlaybackEngines/WindowsStandaloneSupport/UnityEditor.WindowsStandalone.Extensions.dll
Register platform support module: D:/Unity/2021.3.6f1c1/Editor/Data/PlaybackEngines/MetroSupport/UnityEditor.UWP.Extensions.dll
Registered in 0.010912 seconds.
Native extension for UWP target not found
Native extension for WindowsStandalone target not found
[usbmuxd] Start listen thread
[usbmuxd] Listen thread started
Native extension for iOS target not found
Native extension for Android target not found
Native extension for WebGL target not found
Refreshing native plugins compatible for Editor in 115.42 ms, found 3 plugins.
Preloading 0 native plugins for Editor in 0.00 ms.
Mono: successfully reloaded assembly
- Completed reload, in  0.822 seconds
Domain Reload Profiling:
	ReloadAssembly (823ms)
		BeginReloadAssembly (110ms)
			ExecutionOrderSort (0ms)
			DisableScriptedObjects (0ms)
			BackupInstance (0ms)
			ReleaseScriptingObjects (0ms)
			CreateAndSetChildDomain (1ms)
		EndReloadAssembly (578ms)
			LoadAssemblies (104ms)
			RebuildTransferFunctionScriptingTraits (0ms)
			SetupTypeCache (116ms)
			ReleaseScriptCaches (0ms)
			RebuildScriptCaches (32ms)
			SetupLoadedEditorAssemblies (348ms)
				LogAssemblyErrors (0ms)
				InitializePlatformSupportModulesInManaged (76ms)
				SetLoadedEditorAssemblies (1ms)
				RefreshPlugins (116ms)
				BeforeProcessingInitializeOnLoad (2ms)
				ProcessInitializeOnLoadAttributes (104ms)
				ProcessInitializeOnLoadMethodAttributes (50ms)
				AfterProcessingInitializeOnLoad (0ms)
				EditorAssembliesLoaded (0ms)
			ExecutionOrderSort2 (0ms)
			AwakeInstancesAfterBackupRestoration (0ms)
Platform modules already initialized, skipping
Registering precompiled user dll's ...
Registered in 0.027193 seconds.
Begin MonoManager ReloadAssembly
Symbol file LoadedFromMemory doesn't match image D:\developer\Unity\GitHub Projects\UAL_CriticalPlay_Autobiography\Library\PackageCache\com.unity.visualscripting@1.7.8\Editor\VisualScripting.Core\Dependencies\YamlDotNet\Unity.VisualScripting.YamlDotNet.dll
Symbol file LoadedFromMemory doesn't match image D:\developer\Unity\GitHub Projects\UAL_CriticalPlay_Autobiography\Library\PackageCache\com.unity.visualscripting@1.7.8\Editor\VisualScripting.Core\Dependencies\DotNetZip\Unity.VisualScripting.IonicZip.dll
Native extension for UWP target not found
Native extension for WindowsStandalone target not found
Native extension for iOS target not found
Native extension for Android target not found
Native extension for WebGL target not found
Refreshing native plugins compatible for Editor in 109.15 ms, found 3 plugins.
Preloading 0 native plugins for Editor in 0.00 ms.
Mono: successfully reloaded assembly
- Completed reload, in  1.683 seconds
Domain Reload Profiling:
	ReloadAssembly (1684ms)
		BeginReloadAssembly (267ms)
			ExecutionOrderSort (0ms)
			DisableScriptedObjects (8ms)
			BackupInstance (0ms)
			ReleaseScriptingObjects (0ms)
			CreateAndSetChildDomain (132ms)
		EndReloadAssembly (1260ms)
			LoadAssemblies (161ms)
			RebuildTransferFunctionScriptingTraits (0ms)
			SetupTypeCache (286ms)
			ReleaseScriptCaches (1ms)
			RebuildScriptCaches (72ms)
			SetupLoadedEditorAssemblies (698ms)
				LogAssemblyErrors (0ms)
				InitializePlatformSupportModulesInManaged (27ms)
				SetLoadedEditorAssemblies (0ms)
				RefreshPlugins (109ms)
				BeforeProcessingInitializeOnLoad (133ms)
				ProcessInitializeOnLoadAttributes (331ms)
				ProcessInitializeOnLoadMethodAttributes (76ms)
				AfterProcessingInitializeOnLoad (21ms)
				EditorAssembliesLoaded (0ms)
			ExecutionOrderSort2 (0ms)
			AwakeInstancesAfterBackupRestoration (7ms)
Platform modules already initialized, skipping
========================================================================
Worker process is ready to serve import requests
Launched and connected shader compiler UnityShaderCompiler.exe after 0.05 seconds
Refreshing native plugins compatible for Editor in 1.20 ms, found 3 plugins.
Preloading 0 native plugins for Editor in 0.00 ms.
Unloading 5729 Unused Serialized files (Serialized files now loaded: 0)
Unloading 41 unused Assets / (0.8 MB). Loaded Objects now: 6183.
Memory consumption went from 229.1 MB to 228.3 MB.
Total: 5.714200 ms (FindLiveObjects: 0.716800 ms CreateObjectMapping: 0.656700 ms MarkObjects: 3.745000 ms  DeleteObjects: 0.594100 ms)

AssetImportParameters requested are different than current active one (requested -> active):
  custom:video-decoder-ogg-theora: a1e56fd34408186e4bbccfd4996cb3dc -> 
  custom:container-muxer-webm: aa71ff27fc2769a1b78a27578f13a17b -> 
  custom:container-demuxer-webm: 4f35f7cbe854078d1ac9338744f61a02 -> 
  custom:video-encoder-webm-vp8: eb34c28f22e8b96e1ab97ce403110664 -> 
  custom:video-codec-MediaFoundation-h265: 746d11721c4dcdbdad8f713fa42b33f4 -> 
  custom:audio-encoder-webm-vorbis: bf7c407c2cedff20999df2af8eb42d56 -> 
  custom:framework-win-MediaFoundation: 216162199b28c13a410421893ffa2e32 -> 
  custom:container-demuxer-ogg: 62fdf1f143b41e24485cea50d1cbac27 -> 
  custom:video-decoder-webm-vp8: 9c59270c3fd7afecdb556c50c9e8de78 -> 
  custom:audio-decoder-ogg-vorbis: bf7c407c2cedff20999df2af8eb42d56 -> 
========================================================================
Received Import Request.
  Time since last request: 6088.793209 seconds.
  path: Assets/LowPolyInterior/Materials
  artifactKey: Guid(0558596f9e5cb2349bda00d1839d98b4) Importer(815301076,1909f56bfc062723c751e8b465ee728b)
Start importing Assets/LowPolyInterior/Materials using Guid(0558596f9e5cb2349bda00d1839d98b4) Importer(815301076,1909f56bfc062723c751e8b465ee728b)  -> (artifact id: '05193a1923afc51be6f848d48340b02d') in 0.022314 seconds 
========================================================================
Received Import Request.
  Time since last request: 5.611229 seconds.
  path: Assets/Materials/AreaP1.mat
  artifactKey: Guid(a6d3e2bc364a89d40aeb7d64be1cf65f) Importer(815301076,1909f56bfc062723c751e8b465ee728b)
Start importing Assets/Materials/AreaP1.mat using Guid(a6d3e2bc364a89d40aeb7d64be1cf65f) Importer(815301076,1909f56bfc062723c751e8b465ee728b)  -> (artifact id: '3a2bb21d52e34bf40a3c2103e656b973') in 0.285589 seconds 
========================================================================
Received Import Request.
  Time since last request: 39.390619 seconds.
  path: Assets/Mocha Inc_/Active Ragdoll Character Controller/Materials/Bloodd.mat
  artifactKey: Guid(2f0747d390d38b4458fbc197e8fa3acb) Importer(815301076,1909f56bfc062723c751e8b465ee728b)
Start importing Assets/Mocha Inc_/Active Ragdoll Character Controller/Materials/Bloodd.mat using Guid(2f0747d390d38b4458fbc197e8fa3acb) Importer(815301076,1909f56bfc062723c751e8b465ee728b)  -> (artifact id: '468c4ddafc520134520a3d6ef67db9aa') in 0.024117 seconds 
========================================================================
Received Import Request.
  Time since last request: 0.000043 seconds.
  path: Assets/Mocha Inc_/Active Ragdoll Character Controller/Materials/BubbleJoint 2.mat
  artifactKey: Guid(9a4fd2ab01f730a4b9aa67380b069fae) Importer(815301076,1909f56bfc062723c751e8b465ee728b)
Start importing Assets/Mocha Inc_/Active Ragdoll Character Controller/Materials/BubbleJoint 2.mat using Guid(9a4fd2ab01f730a4b9aa67380b069fae) Importer(815301076,1909f56bfc062723c751e8b465ee728b)  -> (artifact id: 'd0f0ad93add6dac577e6c2cd9cd2c96b') in 0.021813 seconds 
========================================================================
Received Import Request.
  Time since last request: 0.000038 seconds.
  path: Assets/Mocha Inc_/Active Ragdoll Character Controller/Materials/GreenCanister.mat
  artifactKey: Guid(b78108c349a582549a61151aceeb3e4c) Importer(815301076,1909f56bfc062723c751e8b465ee728b)
Start importing Assets/Mocha Inc_/Active Ragdoll Character Controller/Materials/GreenCanister.mat using Guid(b78108c349a582549a61151aceeb3e4c) Importer(815301076,1909f56bfc062723c751e8b465ee728b)  -> (artifact id: 'fe4dc1e3c8cb13ccbf76299a64ce7b72') in 0.025263 seconds 
========================================================================
Received Import Request.
  Time since last request: 0.000032 seconds.
  path: Assets/TextMesh Pro/Resources/Fonts & Materials/LiberationSans SDF - Outline.mat
  artifactKey: Guid(79459efec17a4d00a321bdcc27bbc385) Importer(815301076,1909f56bfc062723c751e8b465ee728b)
Start importing Assets/TextMesh Pro/Resources/Fonts & Materials/LiberationSans SDF - Outline.mat using Guid(79459efec17a4d00a321bdcc27bbc385) Importer(815301076,1909f56bfc062723c751e8b465ee728b)  -> (artifact id: 'a0658bc272db48982bbc52f18cb2c65e') in 0.116344 seconds 
========================================================================
Received Import Request.
  Time since last request: 0.000055 seconds.
  path: Assets/Mocha Inc_/Active Ragdoll Character Controller/Materials/SeeThrough.mat
  artifactKey: Guid(e180bdd4eca0a984d9a3ce70d129e1e2) Importer(815301076,1909f56bfc062723c751e8b465ee728b)
Start importing Assets/Mocha Inc_/Active Ragdoll Character Controller/Materials/SeeThrough.mat using Guid(e180bdd4eca0a984d9a3ce70d129e1e2) Importer(815301076,1909f56bfc062723c751e8b465ee728b)  -> (artifact id: '1e66dc596579d8217b98ed2c6f8ed39b') in 0.026167 seconds 
========================================================================
Received Import Request.
  Time since last request: 0.000045 seconds.
  path: Assets/TextMesh Pro/Resources/Fonts & Materials/LiberationSans SDF.asset
  artifactKey: Guid(8f586378b4e144a9851e7b34d9b748ee) Importer(815301076,1909f56bfc062723c751e8b465ee728b)
Start importing Assets/TextMesh Pro/Resources/Fonts & Materials/LiberationSans SDF.asset using Guid(8f586378b4e144a9851e7b34d9b748ee) Importer(815301076,1909f56bfc062723c751e8b465ee728b)  -> (artifact id: '168a37b4d23e410d3a50b7bfeeb83226') in 0.080413 seconds 
========================================================================
Received Import Request.
  Time since last request: 0.000064 seconds.
  path: Assets/LowPolyInterior/Models/Flowers/Flower_04.fbx
  artifactKey: Guid(a069d7da2d7b64e4da1b6db3353187d8) Importer(815301076,1909f56bfc062723c751e8b465ee728b)
Start importing Assets/LowPolyInterior/Models/Flowers/Flower_04.fbx using Guid(a069d7da2d7b64e4da1b6db3353187d8) Importer(815301076,1909f56bfc062723c751e8b465ee728b)  -> (artifact id: '59124d27f7810e05ca2e8593c21ab5c7') in 0.084640 seconds 
========================================================================
Received Import Request.
  Time since last request: 37.782739 seconds.
  path: Assets/LowPolyInterior/Materials/LowPolyInterior_MAIN.mat
  artifactKey: Guid(0054cbb2942940f46a8872a0c6f7e495) Importer(815301076,1909f56bfc062723c751e8b465ee728b)
Start importing Assets/LowPolyInterior/Materials/LowPolyInterior_MAIN.mat using Guid(0054cbb2942940f46a8872a0c6f7e495) Importer(815301076,1909f56bfc062723c751e8b465ee728b)  -> (artifact id: '4abfef56a0833d643144a9b4b07777d3') in 0.030391 seconds 
========================================================================
Received Import Request.
  Time since last request: 12.714932 seconds.
  path: Assets/LowPolyInterior/Models/KithcenObjects/Mustard.fbx
  artifactKey: Guid(77b4534d395b38c40b09d9c5a73f8032) Importer(815301076,1909f56bfc062723c751e8b465ee728b)
Start importing Assets/LowPolyInterior/Models/KithcenObjects/Mustard.fbx using Guid(77b4534d395b38c40b09d9c5a73f8032) Importer(815301076,1909f56bfc062723c751e8b465ee728b)  -> (artifact id: '2e2b62fbb280f74d8887f17f2ac32d88') in 0.044482 seconds 
========================================================================
Received Import Request.
  Time since last request: 231.429024 seconds.
  path: Assets/Scenes/FullRoom.unity
  artifactKey: Guid(8faeeb5d9b1180d408b468f458f34a0b) Importer(815301076,1909f56bfc062723c751e8b465ee728b)
Start importing Assets/Scenes/FullRoom.unity using Guid(8faeeb5d9b1180d408b468f458f34a0b) Importer(815301076,1909f56bfc062723c751e8b465ee728b)  -> (artifact id: 'f34626c6688da16dcfb86a2f73dbcda0') in 0.007273 seconds 
========================================================================
Received Prepare
Registering precompiled user dll's ...
Registered in 0.025397 seconds.
Begin MonoManager ReloadAssembly
Symbol file LoadedFromMemory doesn't match image D:\developer\Unity\GitHub Projects\UAL_CriticalPlay_Autobiography\Library\PackageCache\com.unity.visualscripting@1.7.8\Editor\VisualScripting.Core\Dependencies\YamlDotNet\Unity.VisualScripting.YamlDotNet.dll
Symbol file LoadedFromMemory doesn't match image D:\developer\Unity\GitHub Projects\UAL_CriticalPlay_Autobiography\Library\PackageCache\com.unity.visualscripting@1.7.8\Editor\VisualScripting.Core\Dependencies\DotNetZip\Unity.VisualScripting.IonicZip.dll
Native extension for UWP target not found
Native extension for WindowsStandalone target not found
Native extension for iOS target not found
Native extension for Android target not found
Native extension for WebGL target not found
Refreshing native plugins compatible for Editor in 1.37 ms, found 3 plugins.
Preloading 0 native plugins for Editor in 0.00 ms.
Mono: successfully reloaded assembly
- Completed reload, in  1.305 seconds
Domain Reload Profiling:
	ReloadAssembly (1306ms)
		BeginReloadAssembly (187ms)
			ExecutionOrderSort (0ms)
			DisableScriptedObjects (7ms)
			BackupInstance (0ms)
			ReleaseScriptingObjects (0ms)
			CreateAndSetChildDomain (48ms)
		EndReloadAssembly (1004ms)
			LoadAssemblies (154ms)
			RebuildTransferFunctionScriptingTraits (0ms)
			SetupTypeCache (251ms)
			ReleaseScriptCaches (2ms)
			RebuildScriptCaches (44ms)
			SetupLoadedEditorAssemblies (475ms)
				LogAssemblyErrors (0ms)
				InitializePlatformSupportModulesInManaged (35ms)
				SetLoadedEditorAssemblies (1ms)
				RefreshPlugins (1ms)
				BeforeProcessingInitializeOnLoad (88ms)
				ProcessInitializeOnLoadAttributes (262ms)
				ProcessInitializeOnLoadMethodAttributes (68ms)
				AfterProcessingInitializeOnLoad (21ms)
				EditorAssembliesLoaded (0ms)
			ExecutionOrderSort2 (0ms)
			AwakeInstancesAfterBackupRestoration (21ms)
Platform modules already initialized, skipping
Refreshing native plugins compatible for Editor in 4.48 ms, found 3 plugins.
Preloading 0 native plugins for Editor in 0.00 ms.
Unloading 5596 Unused Serialized files (Serialized files now loaded: 0)
Unloading 32 unused Assets / (0.7 MB). Loaded Objects now: 6282.
Memory consumption went from 228.3 MB to 227.6 MB.
Total: 4.703900 ms (FindLiveObjects: 0.532200 ms CreateObjectMapping: 0.180500 ms MarkObjects: 3.678100 ms  DeleteObjects: 0.311300 ms)

AssetImportParameters requested are different than current active one (requested -> active):
  custom:video-decoder-ogg-theora: a1e56fd34408186e4bbccfd4996cb3dc -> 
  custom:container-muxer-webm: aa71ff27fc2769a1b78a27578f13a17b -> 
  custom:container-demuxer-webm: 4f35f7cbe854078d1ac9338744f61a02 -> 
  custom:video-encoder-webm-vp8: eb34c28f22e8b96e1ab97ce403110664 -> 
  custom:video-codec-MediaFoundation-h265: 746d11721c4dcdbdad8f713fa42b33f4 -> 
  custom:audio-encoder-webm-vorbis: bf7c407c2cedff20999df2af8eb42d56 -> 
  custom:framework-win-MediaFoundation: 216162199b28c13a410421893ffa2e32 -> 
  custom:container-demuxer-ogg: 62fdf1f143b41e24485cea50d1cbac27 -> 
  custom:video-decoder-webm-vp8: 9c59270c3fd7afecdb556c50c9e8de78 -> 
  custom:audio-decoder-ogg-vorbis: bf7c407c2cedff20999df2af8eb42d56 -> 
========================================================================
Received Prepare
Registering precompiled user dll's ...
Registered in 0.053393 seconds.
Begin MonoManager ReloadAssembly
Symbol file LoadedFromMemory doesn't match image D:\developer\Unity\GitHub Projects\UAL_CriticalPlay_Autobiography\Library\PackageCache\com.unity.visualscripting@1.7.8\Editor\VisualScripting.Core\Dependencies\YamlDotNet\Unity.VisualScripting.YamlDotNet.dll
Symbol file LoadedFromMemory doesn't match image D:\developer\Unity\GitHub Projects\UAL_CriticalPlay_Autobiography\Library\PackageCache\com.unity.visualscripting@1.7.8\Editor\VisualScripting.Core\Dependencies\DotNetZip\Unity.VisualScripting.IonicZip.dll
Native extension for UWP target not found
Native extension for WindowsStandalone target not found
Native extension for iOS target not found
Native extension for Android target not found
Native extension for WebGL target not found
Refreshing native plugins compatible for Editor in 1.15 ms, found 3 plugins.
Preloading 0 native plugins for Editor in 0.00 ms.
Mono: successfully reloaded assembly
- Completed reload, in  1.366 seconds
Domain Reload Profiling:
	ReloadAssembly (1367ms)
		BeginReloadAssembly (179ms)
			ExecutionOrderSort (0ms)
			DisableScriptedObjects (6ms)
			BackupInstance (0ms)
			ReleaseScriptingObjects (0ms)
			CreateAndSetChildDomain (44ms)
		EndReloadAssembly (1043ms)
			LoadAssemblies (167ms)
			RebuildTransferFunctionScriptingTraits (0ms)
			SetupTypeCache (254ms)
			ReleaseScriptCaches (2ms)
			RebuildScriptCaches (44ms)
			SetupLoadedEditorAssemblies (487ms)
				LogAssemblyErrors (0ms)
				InitializePlatformSupportModulesInManaged (33ms)
				SetLoadedEditorAssemblies (1ms)
				RefreshPlugins (1ms)
				BeforeProcessingInitializeOnLoad (95ms)
				ProcessInitializeOnLoadAttributes (269ms)
				ProcessInitializeOnLoadMethodAttributes (70ms)
				AfterProcessingInitializeOnLoad (18ms)
				EditorAssembliesLoaded (0ms)
			ExecutionOrderSort2 (0ms)
			AwakeInstancesAfterBackupRestoration (19ms)
Platform modules already initialized, skipping
Refreshing native plugins compatible for Editor in 5.40 ms, found 3 plugins.
Preloading 0 native plugins for Editor in 0.00 ms.
Unloading 5597 Unused Serialized files (Serialized files now loaded: 0)
Unloading 32 unused Assets / (0.7 MB). Loaded Objects now: 6285.
Memory consumption went from 228.4 MB to 227.7 MB.
Total: 4.031000 ms (FindLiveObjects: 0.403500 ms CreateObjectMapping: 0.362700 ms MarkObjects: 2.958100 ms  DeleteObjects: 0.305300 ms)

AssetImportParameters requested are different than current active one (requested -> active):
  custom:video-decoder-ogg-theora: a1e56fd34408186e4bbccfd4996cb3dc -> 
  custom:container-muxer-webm: aa71ff27fc2769a1b78a27578f13a17b -> 
  custom:container-demuxer-webm: 4f35f7cbe854078d1ac9338744f61a02 -> 
  custom:video-encoder-webm-vp8: eb34c28f22e8b96e1ab97ce403110664 -> 
  custom:video-codec-MediaFoundation-h265: 746d11721c4dcdbdad8f713fa42b33f4 -> 
  custom:audio-encoder-webm-vorbis: bf7c407c2cedff20999df2af8eb42d56 -> 
  custom:framework-win-MediaFoundation: 216162199b28c13a410421893ffa2e32 -> 
  custom:container-demuxer-ogg: 62fdf1f143b41e24485cea50d1cbac27 -> 
  custom:video-decoder-webm-vp8: 9c59270c3fd7afecdb556c50c9e8de78 -> 
  custom:audio-decoder-ogg-vorbis: bf7c407c2cedff20999df2af8eb42d56 -> 
========================================================================
Received Prepare
Registering precompiled user dll's ...
Registered in 0.028409 seconds.
Begin MonoManager ReloadAssembly
Symbol file LoadedFromMemory doesn't match image D:\developer\Unity\GitHub Projects\UAL_CriticalPlay_Autobiography\Library\PackageCache\com.unity.visualscripting@1.7.8\Editor\VisualScripting.Core\Dependencies\YamlDotNet\Unity.VisualScripting.YamlDotNet.dll
Symbol file LoadedFromMemory doesn't match image D:\developer\Unity\GitHub Projects\UAL_CriticalPlay_Autobiography\Library\PackageCache\com.unity.visualscripting@1.7.8\Editor\VisualScripting.Core\Dependencies\DotNetZip\Unity.VisualScripting.IonicZip.dll
Native extension for UWP target not found
Native extension for WindowsStandalone target not found
Native extension for iOS target not found
Native extension for Android target not found
Native extension for WebGL target not found
Refreshing native plugins compatible for Editor in 1.12 ms, found 3 plugins.
Preloading 0 native plugins for Editor in 0.00 ms.
Mono: successfully reloaded assembly
- Completed reload, in  1.309 seconds
Domain Reload Profiling:
	ReloadAssembly (1309ms)
		BeginReloadAssembly (178ms)
			ExecutionOrderSort (0ms)
			DisableScriptedObjects (5ms)
			BackupInstance (0ms)
			ReleaseScriptingObjects (0ms)
			CreateAndSetChildDomain (41ms)
		EndReloadAssembly (1016ms)
			LoadAssemblies (157ms)
			RebuildTransferFunctionScriptingTraits (0ms)
			SetupTypeCache (249ms)
			ReleaseScriptCaches (2ms)
			RebuildScriptCaches (44ms)
			SetupLoadedEditorAssemblies (487ms)
				LogAssemblyErrors (0ms)
				InitializePlatformSupportModulesInManaged (32ms)
				SetLoadedEditorAssemblies (0ms)
				RefreshPlugins (1ms)
				BeforeProcessingInitializeOnLoad (93ms)
				ProcessInitializeOnLoadAttributes (270ms)
				ProcessInitializeOnLoadMethodAttributes (69ms)
				AfterProcessingInitializeOnLoad (22ms)
				EditorAssembliesLoaded (0ms)
			ExecutionOrderSort2 (0ms)
			AwakeInstancesAfterBackupRestoration (18ms)
Platform modules already initialized, skipping
Refreshing native plugins compatible for Editor in 5.45 ms, found 3 plugins.
Preloading 0 native plugins for Editor in 0.00 ms.
Unloading 5597 Unused Serialized files (Serialized files now loaded: 0)
Unloading 32 unused Assets / (0.7 MB). Loaded Objects now: 6288.
Memory consumption went from 228.4 MB to 227.7 MB.
Total: 5.233800 ms (FindLiveObjects: 0.456500 ms CreateObjectMapping: 0.421600 ms MarkObjects: 3.781400 ms  DeleteObjects: 0.573000 ms)

AssetImportParameters requested are different than current active one (requested -> active):
  custom:video-decoder-ogg-theora: a1e56fd34408186e4bbccfd4996cb3dc -> 
  custom:container-muxer-webm: aa71ff27fc2769a1b78a27578f13a17b -> 
  custom:container-demuxer-webm: 4f35f7cbe854078d1ac9338744f61a02 -> 
  custom:video-encoder-webm-vp8: eb34c28f22e8b96e1ab97ce403110664 -> 
  custom:video-codec-MediaFoundation-h265: 746d11721c4dcdbdad8f713fa42b33f4 -> 
  custom:audio-encoder-webm-vorbis: bf7c407c2cedff20999df2af8eb42d56 -> 
  custom:framework-win-MediaFoundation: 216162199b28c13a410421893ffa2e32 -> 
  custom:container-demuxer-ogg: 62fdf1f143b41e24485cea50d1cbac27 -> 
  custom:video-decoder-webm-vp8: 9c59270c3fd7afecdb556c50c9e8de78 -> 
  custom:audio-decoder-ogg-vorbis: bf7c407c2cedff20999df2af8eb42d56 -> 
========================================================================
Received Import Request.
  Time since last request: 836.214015 seconds.
  path: Assets/Tables/Dialogue.xlsx
  artifactKey: Guid(8bb6711567062ad4eafe70370d64bceb) Importer(815301076,1909f56bfc062723c751e8b465ee728b)
Start importing Assets/Tables/Dialogue.xlsx using Guid(8bb6711567062ad4eafe70370d64bceb) Importer(815301076,1909f56bfc062723c751e8b465ee728b)  -> (artifact id: '7aef12f6a576f058b0f7d6998b9951e6') in 0.032213 seconds 
========================================================================
Received Import Request.
  Time since last request: 4.967356 seconds.
  path: Assets/Resources/Sounds
  artifactKey: Guid(e261cf68a7653b04db82af579136403b) Importer(815301076,1909f56bfc062723c751e8b465ee728b)
Start importing Assets/Resources/Sounds using Guid(e261cf68a7653b04db82af579136403b) Importer(815301076,1909f56bfc062723c751e8b465ee728b)  -> (artifact id: '280329c9b5a4168f22d58782b52188ba') in 0.011065 seconds 
========================================================================
Received Import Request.
  Time since last request: 1.043921 seconds.
  path: Assets/Resources/Sounds/NewAILines
  artifactKey: Guid(6ae5af18ce0e2444e81fc8e214514b85) Importer(815301076,1909f56bfc062723c751e8b465ee728b)
Start importing Assets/Resources/Sounds/NewAILines using Guid(6ae5af18ce0e2444e81fc8e214514b85) Importer(815301076,1909f56bfc062723c751e8b465ee728b)  -> (artifact id: '199268a6b61520ada8b84527e6cf74c3') in 0.011851 seconds 
========================================================================
Received Import Request.
  Time since last request: 0.087415 seconds.
  path: Assets/Resources/Sounds/NewAILines/1.mp3
  artifactKey: Guid(7c6d1bdf6bab2ba41bf77a373981de4a) Importer(815301076,1909f56bfc062723c751e8b465ee728b)
Start importing Assets/Resources/Sounds/NewAILines/1.mp3 using Guid(7c6d1bdf6bab2ba41bf77a373981de4a) Importer(815301076,1909f56bfc062723c751e8b465ee728b)  -> (artifact id: '958de3f26a9a89c6a95b034fbbaaa11a') in 0.108781 seconds 
========================================================================
Received Import Request.
  Time since last request: 0.000041 seconds.
  path: Assets/Resources/Sounds/NewAILines/8.mp3
  artifactKey: Guid(749b6897e1d8b594dad35d6e08b081ac) Importer(815301076,1909f56bfc062723c751e8b465ee728b)
Start importing Assets/Resources/Sounds/NewAILines/8.mp3 using Guid(749b6897e1d8b594dad35d6e08b081ac) Importer(815301076,1909f56bfc062723c751e8b465ee728b)  -> (artifact id: '6c7cafed8ded425b779be8146511c4d9') in 0.025943 seconds 
========================================================================
Received Import Request.
  Time since last request: 0.000027 seconds.
  path: Assets/Resources/Sounds/NewAILines/9.mp3
  artifactKey: Guid(5066f9e61e059fb4b83e8dce47200b22) Importer(815301076,1909f56bfc062723c751e8b465ee728b)
Start importing Assets/Resources/Sounds/NewAILines/9.mp3 using Guid(5066f9e61e059fb4b83e8dce47200b22) Importer(815301076,1909f56bfc062723c751e8b465ee728b)  -> (artifact id: 'a7a3bed0c63ea44b79dda20dd227ba8c') in 0.027667 seconds 
========================================================================
Received Import Request.
  Time since last request: 0.000029 seconds.
  path: Assets/Resources/Sounds/NewAILines/4.mp3
  artifactKey: Guid(fa728aaa3c6d59b4183e7aac57d0d793) Importer(815301076,1909f56bfc062723c751e8b465ee728b)
Start importing Assets/Resources/Sounds/NewAILines/4.mp3 using Guid(fa728aaa3c6d59b4183e7aac57d0d793) Importer(815301076,1909f56bfc062723c751e8b465ee728b)  -> (artifact id: 'c332cbe057c53b0aec7bde8317420b73') in 0.026310 seconds 
========================================================================
Received Import Request.
  Time since last request: 0.000048 seconds.
  path: Assets/Resources/Sounds/NewAILines/5.mp3
  artifactKey: Guid(2571574fb4d14d4408a9515194633475) Importer(815301076,1909f56bfc062723c751e8b465ee728b)
Start importing Assets/Resources/Sounds/NewAILines/5.mp3 using Guid(2571574fb4d14d4408a9515194633475) Importer(815301076,1909f56bfc062723c751e8b465ee728b)  -> (artifact id: '7d2557f7a6bed75f114ef71f693ec059') in 0.027566 seconds 
========================================================================
Received Import Request.
  Time since last request: 9.028179 seconds.
  path: Assets/Resources/Sounds/NewAILines/10.mp3
  artifactKey: Guid(1d77c367208a7be46a5951d981b1b2a8) Importer(815301076,1909f56bfc062723c751e8b465ee728b)
Start importing Assets/Resources/Sounds/NewAILines/10.mp3 using Guid(1d77c367208a7be46a5951d981b1b2a8) Importer(815301076,1909f56bfc062723c751e8b465ee728b)  -> (artifact id: '3663fab48c89063b8cf95d4bf149d039') in 0.018111 seconds 
Editor requested this worker to shutdown with reason: Scaling down because of idle timeout
AssetImportWorker is now disconnected from the server
Process exiting
Exiting without the bug reporter. Application will terminate with return code 0