Using pre-set license
Built from '2021.3/china_unity/release' branch; Version is '2021.3.6f1c1 (07401303b748) revision 475155'; Using compiler version '192829333'; Build Type 'Release'
OS: 'Windows 10  (10.0.19044) 64bit CoreCountrySpecific' Language: 'zh' Physical Memory: 65404 MB
BatchMode: 1, IsHumanControllingUs: 0, StartBugReporterOnCrash: 0, Is64bit: 1, IsPro: 1

COMMAND LINE ARGUMENTS:
D:\Unity\2021.3.6f1c1\Editor\Unity.exe
-adb2
-batchMode
-noUpm
-name
AssetImportWorker1
-projectPath
D:/developer/Unity/GitHub Projects/UAL_CriticalPlay_Autobiography
-logFile
Logs/AssetImportWorker1.log
-srvPort
52682
Successfully changed project path to: D:/developer/Unity/GitHub Projects/UAL_CriticalPlay_Autobiography
D:/developer/Unity/GitHub Projects/UAL_CriticalPlay_Autobiography
[UnityMemory] Configuration Parameters - Can be set up in boot.config
    "memorysetup-bucket-allocator-granularity=16"
    "memorysetup-bucket-allocator-bucket-count=8"
    "memorysetup-bucket-allocator-block-size=33554432"
    "memorysetup-bucket-allocator-block-count=8"
    "memorysetup-main-allocator-block-size=16777216"
    "memorysetup-thread-allocator-block-size=16777216"
    "memorysetup-gfx-main-allocator-block-size=16777216"
    "memorysetup-gfx-thread-allocator-block-size=16777216"
    "memorysetup-cache-allocator-block-size=4194304"
    "memorysetup-typetree-allocator-block-size=2097152"
    "memorysetup-profiler-bucket-allocator-granularity=16"
    "memorysetup-profiler-bucket-allocator-bucket-count=8"
    "memorysetup-profiler-bucket-allocator-block-size=33554432"
    "memorysetup-profiler-bucket-allocator-block-count=8"
    "memorysetup-profiler-allocator-block-size=16777216"
    "memorysetup-profiler-editor-allocator-block-size=1048576"
    "memorysetup-temp-allocator-size-main=16777216"
    "memorysetup-job-temp-allocator-block-size=2097152"
    "memorysetup-job-temp-allocator-block-size-background=1048576"
    "memorysetup-job-temp-allocator-reduction-small-platforms=262144"
    "memorysetup-temp-allocator-size-background-worker=32768"
    "memorysetup-temp-allocator-size-job-worker=262144"
    "memorysetup-temp-allocator-size-preload-manager=33554432"
    "memorysetup-temp-allocator-size-nav-mesh-worker=65536"
    "memorysetup-temp-allocator-size-audio-worker=65536"
    "memorysetup-temp-allocator-size-cloud-worker=32768"
    "memorysetup-temp-allocator-size-gi-baking-worker=262144"
    "memorysetup-temp-allocator-size-gfx=262144"
AS: AutoStreaming module initializing.
Refreshing native plugins compatible for Editor in 116.66 ms, found 3 plugins.
Preloading 0 native plugins for Editor in 0.00 ms.
Initialize engine version: 2021.3.6f1c1 (07401303b748)
[Subsystems] Discovering subsystems at path D:/Unity/2021.3.6f1c1/Editor/Data/Resources/UnitySubsystems
[Subsystems] Discovering subsystems at path D:/developer/Unity/GitHub Projects/UAL_CriticalPlay_Autobiography/Assets
GfxDevice: creating device client; threaded=0; jobified=0
Direct3D:
    Version:  Direct3D 11.0 [level 11.1]
    Renderer: NVIDIA GeForce RTX 3080 Laptop GPU (ID=0x24dc)
    Vendor:   NVIDIA
    VRAM:     16201 MB
    Driver:   30.0.15.1236
Initialize mono
Mono path[0] = 'D:/Unity/2021.3.6f1c1/Editor/Data/Managed'
Mono path[1] = 'D:/Unity/2021.3.6f1c1/Editor/Data/MonoBleedingEdge/lib/mono/unityjit-win32'
Mono config path = 'D:/Unity/2021.3.6f1c1/Editor/Data/MonoBleedingEdge/etc'
Using monoOptions --debugger-agent=transport=dt_socket,embedding=1,server=y,suspend=n,address=127.0.0.1:56040
Begin MonoManager ReloadAssembly
Registering precompiled unity dll's ...
Register platform support module: D:/Unity/2021.3.6f1c1/Editor/Data/PlaybackEngines/WebGLSupport/UnityEditor.WebGL.Extensions.dll
Register platform support module: D:/Unity/2021.3.6f1c1/Editor/Data/PlaybackEngines/AndroidPlayer/UnityEditor.Android.Extensions.dll
Register platform support module: D:/Unity/2021.3.6f1c1/Editor/Data/PlaybackEngines/iOSSupport/UnityEditor.iOS.Extensions.dll
Register platform support module: D:/Unity/2021.3.6f1c1/Editor/Data/PlaybackEngines/WindowsStandaloneSupport/UnityEditor.WindowsStandalone.Extensions.dll
Register platform support module: D:/Unity/2021.3.6f1c1/Editor/Data/PlaybackEngines/MetroSupport/UnityEditor.UWP.Extensions.dll
Registered in 0.010173 seconds.
Native extension for UWP target not found
Native extension for WindowsStandalone target not found
[usbmuxd] Start listen thread
[usbmuxd] Listen thread started
Native extension for iOS target not found
Native extension for Android target not found
Native extension for WebGL target not found
Refreshing native plugins compatible for Editor in 117.95 ms, found 3 plugins.
Preloading 0 native plugins for Editor in 0.00 ms.
Mono: successfully reloaded assembly
- Completed reload, in  0.741 seconds
Domain Reload Profiling:
	ReloadAssembly (742ms)
		BeginReloadAssembly (102ms)
			ExecutionOrderSort (0ms)
			DisableScriptedObjects (0ms)
			BackupInstance (0ms)
			ReleaseScriptingObjects (0ms)
			CreateAndSetChildDomain (1ms)
		EndReloadAssembly (517ms)
			LoadAssemblies (95ms)
			RebuildTransferFunctionScriptingTraits (0ms)
			SetupTypeCache (103ms)
			ReleaseScriptCaches (0ms)
			RebuildScriptCaches (27ms)
			SetupLoadedEditorAssemblies (322ms)
				LogAssemblyErrors (0ms)
				InitializePlatformSupportModulesInManaged (70ms)
				SetLoadedEditorAssemblies (1ms)
				RefreshPlugins (118ms)
				BeforeProcessingInitializeOnLoad (1ms)
				ProcessInitializeOnLoadAttributes (88ms)
				ProcessInitializeOnLoadMethodAttributes (42ms)
				AfterProcessingInitializeOnLoad (0ms)
				EditorAssembliesLoaded (0ms)
			ExecutionOrderSort2 (0ms)
			AwakeInstancesAfterBackupRestoration (0ms)
Platform modules already initialized, skipping
Registering precompiled user dll's ...
Registered in 0.027186 seconds.
Begin MonoManager ReloadAssembly
Symbol file LoadedFromMemory doesn't match image D:\developer\Unity\GitHub Projects\UAL_CriticalPlay_Autobiography\Library\PackageCache\com.unity.visualscripting@1.7.8\Editor\VisualScripting.Core\Dependencies\YamlDotNet\Unity.VisualScripting.YamlDotNet.dll
Symbol file LoadedFromMemory doesn't match image D:\developer\Unity\GitHub Projects\UAL_CriticalPlay_Autobiography\Library\PackageCache\com.unity.visualscripting@1.7.8\Editor\VisualScripting.Core\Dependencies\DotNetZip\Unity.VisualScripting.IonicZip.dll
Native extension for UWP target not found
Native extension for WindowsStandalone target not found
Native extension for iOS target not found
Native extension for Android target not found
Native extension for WebGL target not found
Refreshing native plugins compatible for Editor in 111.40 ms, found 3 plugins.
Preloading 0 native plugins for Editor in 0.00 ms.
Mono: successfully reloaded assembly
- Completed reload, in  1.628 seconds
Domain Reload Profiling:
	ReloadAssembly (1629ms)
		BeginReloadAssembly (239ms)
			ExecutionOrderSort (0ms)
			DisableScriptedObjects (5ms)
			BackupInstance (0ms)
			ReleaseScriptingObjects (0ms)
			CreateAndSetChildDomain (121ms)
		EndReloadAssembly (1234ms)
			LoadAssemblies (151ms)
			RebuildTransferFunctionScriptingTraits (0ms)
			SetupTypeCache (275ms)
			ReleaseScriptCaches (1ms)
			RebuildScriptCaches (69ms)
			SetupLoadedEditorAssemblies (693ms)
				LogAssemblyErrors (0ms)
				InitializePlatformSupportModulesInManaged (25ms)
				SetLoadedEditorAssemblies (0ms)
				RefreshPlugins (112ms)
				BeforeProcessingInitializeOnLoad (128ms)
				ProcessInitializeOnLoadAttributes (334ms)
				ProcessInitializeOnLoadMethodAttributes (75ms)
				AfterProcessingInitializeOnLoad (18ms)
				EditorAssembliesLoaded (0ms)
			ExecutionOrderSort2 (0ms)
			AwakeInstancesAfterBackupRestoration (7ms)
Platform modules already initialized, skipping
========================================================================
Worker process is ready to serve import requests
Launched and connected shader compiler UnityShaderCompiler.exe after 0.05 seconds
Refreshing native plugins compatible for Editor in 1.22 ms, found 3 plugins.
Preloading 0 native plugins for Editor in 0.00 ms.
Unloading 5728 Unused Serialized files (Serialized files now loaded: 0)
Unloading 41 unused Assets / (0.8 MB). Loaded Objects now: 6182.
Memory consumption went from 229.0 MB to 228.3 MB.
Total: 5.895600 ms (FindLiveObjects: 0.620500 ms CreateObjectMapping: 0.545800 ms MarkObjects: 4.240000 ms  DeleteObjects: 0.487200 ms)

AssetImportParameters requested are different than current active one (requested -> active):
  custom:video-decoder-ogg-theora: a1e56fd34408186e4bbccfd4996cb3dc -> 
  custom:container-muxer-webm: aa71ff27fc2769a1b78a27578f13a17b -> 
  custom:container-demuxer-webm: 4f35f7cbe854078d1ac9338744f61a02 -> 
  custom:video-encoder-webm-vp8: eb34c28f22e8b96e1ab97ce403110664 -> 
  custom:video-codec-MediaFoundation-h265: 746d11721c4dcdbdad8f713fa42b33f4 -> 
  custom:audio-encoder-webm-vorbis: bf7c407c2cedff20999df2af8eb42d56 -> 
  custom:framework-win-MediaFoundation: 216162199b28c13a410421893ffa2e32 -> 
  custom:container-demuxer-ogg: 62fdf1f143b41e24485cea50d1cbac27 -> 
  custom:video-decoder-webm-vp8: 9c59270c3fd7afecdb556c50c9e8de78 -> 
  custom:audio-decoder-ogg-vorbis: bf7c407c2cedff20999df2af8eb42d56 -> 
========================================================================
Received Import Request.
  Time since last request: 3902.220843 seconds.
  path: Assets/Tables/Dialogue.xlsx
  artifactKey: Guid(8bb6711567062ad4eafe70370d64bceb) Importer(815301076,1909f56bfc062723c751e8b465ee728b)
Start importing Assets/Tables/Dialogue.xlsx using Guid(8bb6711567062ad4eafe70370d64bceb) Importer(815301076,1909f56bfc062723c751e8b465ee728b)  -> (artifact id: '67c49578435597cb05fe8e9075d0b94a') in 0.057096 seconds 
========================================================================
Received Prepare
Registering precompiled user dll's ...
Registered in 0.031216 seconds.
Begin MonoManager ReloadAssembly
Symbol file LoadedFromMemory doesn't match image D:\developer\Unity\GitHub Projects\UAL_CriticalPlay_Autobiography\Library\PackageCache\com.unity.visualscripting@1.7.8\Editor\VisualScripting.Core\Dependencies\YamlDotNet\Unity.VisualScripting.YamlDotNet.dll
Symbol file LoadedFromMemory doesn't match image D:\developer\Unity\GitHub Projects\UAL_CriticalPlay_Autobiography\Library\PackageCache\com.unity.visualscripting@1.7.8\Editor\VisualScripting.Core\Dependencies\DotNetZip\Unity.VisualScripting.IonicZip.dll
Native extension for UWP target not found
Native extension for WindowsStandalone target not found
Native extension for iOS target not found
Native extension for Android target not found
Native extension for WebGL target not found
Refreshing native plugins compatible for Editor in 2.66 ms, found 3 plugins.
Preloading 0 native plugins for Editor in 0.00 ms.
Mono: successfully reloaded assembly
- Completed reload, in  1.318 seconds
Domain Reload Profiling:
	ReloadAssembly (1318ms)
		BeginReloadAssembly (186ms)
			ExecutionOrderSort (0ms)
			DisableScriptedObjects (7ms)
			BackupInstance (0ms)
			ReleaseScriptingObjects (0ms)
			CreateAndSetChildDomain (44ms)
		EndReloadAssembly (1006ms)
			LoadAssemblies (156ms)
			RebuildTransferFunctionScriptingTraits (0ms)
			SetupTypeCache (250ms)
			ReleaseScriptCaches (2ms)
			RebuildScriptCaches (44ms)
			SetupLoadedEditorAssemblies (509ms)
				LogAssemblyErrors (0ms)
				InitializePlatformSupportModulesInManaged (33ms)
				SetLoadedEditorAssemblies (0ms)
				RefreshPlugins (3ms)
				BeforeProcessingInitializeOnLoad (93ms)
				ProcessInitializeOnLoadAttributes (282ms)
				ProcessInitializeOnLoadMethodAttributes (76ms)
				AfterProcessingInitializeOnLoad (21ms)
				EditorAssembliesLoaded (0ms)
			ExecutionOrderSort2 (0ms)
			AwakeInstancesAfterBackupRestoration (15ms)
Platform modules already initialized, skipping
Refreshing native plugins compatible for Editor in 25.19 ms, found 3 plugins.
Preloading 0 native plugins for Editor in 0.00 ms.
Unloading 5589 Unused Serialized files (Serialized files now loaded: 0)
Unloading 32 unused Assets / (0.7 MB). Loaded Objects now: 6186.
Memory consumption went from 220.9 MB to 220.2 MB.
Total: 3.999500 ms (FindLiveObjects: 0.432900 ms CreateObjectMapping: 0.148300 ms MarkObjects: 3.033500 ms  DeleteObjects: 0.384000 ms)

AssetImportParameters requested are different than current active one (requested -> active):
  custom:video-decoder-ogg-theora: a1e56fd34408186e4bbccfd4996cb3dc -> 
  custom:container-muxer-webm: aa71ff27fc2769a1b78a27578f13a17b -> 
  custom:container-demuxer-webm: 4f35f7cbe854078d1ac9338744f61a02 -> 
  custom:video-encoder-webm-vp8: eb34c28f22e8b96e1ab97ce403110664 -> 
  custom:video-codec-MediaFoundation-h265: 746d11721c4dcdbdad8f713fa42b33f4 -> 
  custom:audio-encoder-webm-vorbis: bf7c407c2cedff20999df2af8eb42d56 -> 
  custom:framework-win-MediaFoundation: 216162199b28c13a410421893ffa2e32 -> 
  custom:container-demuxer-ogg: 62fdf1f143b41e24485cea50d1cbac27 -> 
  custom:video-decoder-webm-vp8: 9c59270c3fd7afecdb556c50c9e8de78 -> 
  custom:audio-decoder-ogg-vorbis: bf7c407c2cedff20999df2af8eb42d56 -> 
========================================================================
Received Prepare
Registering precompiled user dll's ...
Registered in 0.027537 seconds.
Begin MonoManager ReloadAssembly
Symbol file LoadedFromMemory doesn't match image D:\developer\Unity\GitHub Projects\UAL_CriticalPlay_Autobiography\Library\PackageCache\com.unity.visualscripting@1.7.8\Editor\VisualScripting.Core\Dependencies\YamlDotNet\Unity.VisualScripting.YamlDotNet.dll
Symbol file LoadedFromMemory doesn't match image D:\developer\Unity\GitHub Projects\UAL_CriticalPlay_Autobiography\Library\PackageCache\com.unity.visualscripting@1.7.8\Editor\VisualScripting.Core\Dependencies\DotNetZip\Unity.VisualScripting.IonicZip.dll
Native extension for UWP target not found
Native extension for WindowsStandalone target not found
Native extension for iOS target not found
Native extension for Android target not found
Native extension for WebGL target not found
Refreshing native plugins compatible for Editor in 1.12 ms, found 3 plugins.
Preloading 0 native plugins for Editor in 0.00 ms.
Mono: successfully reloaded assembly
- Completed reload, in  1.317 seconds
Domain Reload Profiling:
	ReloadAssembly (1318ms)
		BeginReloadAssembly (186ms)
			ExecutionOrderSort (0ms)
			DisableScriptedObjects (4ms)
			BackupInstance (0ms)
			ReleaseScriptingObjects (0ms)
			CreateAndSetChildDomain (44ms)
		EndReloadAssembly (1008ms)
			LoadAssemblies (166ms)
			RebuildTransferFunctionScriptingTraits (0ms)
			SetupTypeCache (255ms)
			ReleaseScriptCaches (2ms)
			RebuildScriptCaches (46ms)
			SetupLoadedEditorAssemblies (493ms)
				LogAssemblyErrors (0ms)
				InitializePlatformSupportModulesInManaged (36ms)
				SetLoadedEditorAssemblies (0ms)
				RefreshPlugins (1ms)
				BeforeProcessingInitializeOnLoad (96ms)
				ProcessInitializeOnLoadAttributes (269ms)
				ProcessInitializeOnLoadMethodAttributes (68ms)
				AfterProcessingInitializeOnLoad (21ms)
				EditorAssembliesLoaded (0ms)
			ExecutionOrderSort2 (0ms)
			AwakeInstancesAfterBackupRestoration (15ms)
Platform modules already initialized, skipping
Refreshing native plugins compatible for Editor in 4.58 ms, found 3 plugins.
Preloading 0 native plugins for Editor in 0.00 ms.
Unloading 5589 Unused Serialized files (Serialized files now loaded: 0)
Unloading 32 unused Assets / (0.7 MB). Loaded Objects now: 6189.
Memory consumption went from 220.9 MB to 220.2 MB.
Total: 5.323000 ms (FindLiveObjects: 0.436200 ms CreateObjectMapping: 0.437700 ms MarkObjects: 4.036200 ms  DeleteObjects: 0.410600 ms)

AssetImportParameters requested are different than current active one (requested -> active):
  custom:video-decoder-ogg-theora: a1e56fd34408186e4bbccfd4996cb3dc -> 
  custom:container-muxer-webm: aa71ff27fc2769a1b78a27578f13a17b -> 
  custom:container-demuxer-webm: 4f35f7cbe854078d1ac9338744f61a02 -> 
  custom:video-encoder-webm-vp8: eb34c28f22e8b96e1ab97ce403110664 -> 
  custom:video-codec-MediaFoundation-h265: 746d11721c4dcdbdad8f713fa42b33f4 -> 
  custom:audio-encoder-webm-vorbis: bf7c407c2cedff20999df2af8eb42d56 -> 
  custom:framework-win-MediaFoundation: 216162199b28c13a410421893ffa2e32 -> 
  custom:container-demuxer-ogg: 62fdf1f143b41e24485cea50d1cbac27 -> 
  custom:video-decoder-webm-vp8: 9c59270c3fd7afecdb556c50c9e8de78 -> 
  custom:audio-decoder-ogg-vorbis: bf7c407c2cedff20999df2af8eb42d56 -> 
========================================================================
Received Import Request.
  Time since last request: 1910.381402 seconds.
  path: Assets/Sprites/Web 1920 – 2.png
  artifactKey: Guid(b4b58dce8393d1e4ab5036ade0d4003b) Importer(815301076,1909f56bfc062723c751e8b465ee728b)
Start importing Assets/Sprites/Web 1920 – 2.png using Guid(b4b58dce8393d1e4ab5036ade0d4003b) Importer(815301076,1909f56bfc062723c751e8b465ee728b)  -> (artifact id: '99ded838ccef9780a182097aba16e776') in 0.154814 seconds 
========================================================================
Received Import Request.
  Time since last request: 0.000025 seconds.
  path: Assets/Sprites/Web 1920 – 3.png
  artifactKey: Guid(d7d5c9adc7b9de045b6d6a753c45760b) Importer(815301076,1909f56bfc062723c751e8b465ee728b)
Start importing Assets/Sprites/Web 1920 – 3.png using Guid(d7d5c9adc7b9de045b6d6a753c45760b) Importer(815301076,1909f56bfc062723c751e8b465ee728b)  -> (artifact id: 'f92f6c60d50c11c8a87811990ddf8d43') in 0.046648 seconds 
========================================================================
Received Import Request.
  Time since last request: 0.000062 seconds.
  path: Assets/Sprites/Web 1920 – 6.png
  artifactKey: Guid(f810f51f2f00b224e9a9405df44bf890) Importer(815301076,1909f56bfc062723c751e8b465ee728b)
Start importing Assets/Sprites/Web 1920 – 6.png using Guid(f810f51f2f00b224e9a9405df44bf890) Importer(815301076,1909f56bfc062723c751e8b465ee728b)  -> (artifact id: '31084bc61e63ef3875d2c44d880fd651') in 0.091005 seconds 
========================================================================
Received Import Request.
  Time since last request: 0.000035 seconds.
  path: Assets/Sprites/Web 1920 – 8.png
  artifactKey: Guid(8edd68aa995834440b6d162e79b3541f) Importer(815301076,1909f56bfc062723c751e8b465ee728b)
Start importing Assets/Sprites/Web 1920 – 8.png using Guid(8edd68aa995834440b6d162e79b3541f) Importer(815301076,1909f56bfc062723c751e8b465ee728b)  -> (artifact id: '79aba18add5d9be5014a77b5e61a0260') in 0.071351 seconds 
========================================================================
Received Import Request.
  Time since last request: 0.000031 seconds.
  path: Assets/Sprites/Web 1920 – 5.png
  artifactKey: Guid(6b6bc2d702e75f845a56766cedb7bd24) Importer(815301076,1909f56bfc062723c751e8b465ee728b)
Start importing Assets/Sprites/Web 1920 – 5.png using Guid(6b6bc2d702e75f845a56766cedb7bd24) Importer(815301076,1909f56bfc062723c751e8b465ee728b)  -> (artifact id: '8390aa7d745d89570766e2a74c8ff193') in 0.046107 seconds 
========================================================================
Received Import Request.
  Time since last request: 18.576374 seconds.
  path: Assets/LowPolyInterior/Prefabs/Walls/Corner_03.prefab
  artifactKey: Guid(2179433bdb76c284296114c2c707a3e3) Importer(815301076,1909f56bfc062723c751e8b465ee728b)
Start importing Assets/LowPolyInterior/Prefabs/Walls/Corner_03.prefab using Guid(2179433bdb76c284296114c2c707a3e3) Importer(815301076,1909f56bfc062723c751e8b465ee728b)  -> (artifact id: 'ba75944cfd736a02ba7566d6f444de26') in 0.245925 seconds 
========================================================================
Received Import Request.
  Time since last request: 0.000037 seconds.
  path: Assets/LowPolyInterior/Prefabs/Walls/Corner_11.prefab
  artifactKey: Guid(8a1004413bf41e4478db18a47e88e828) Importer(815301076,1909f56bfc062723c751e8b465ee728b)
Start importing Assets/LowPolyInterior/Prefabs/Walls/Corner_11.prefab using Guid(8a1004413bf41e4478db18a47e88e828) Importer(815301076,1909f56bfc062723c751e8b465ee728b)  -> (artifact id: '07416c1385fb78d01179b54dca99c091') in 0.039933 seconds 
========================================================================
Received Import Request.
  Time since last request: 0.000047 seconds.
  path: Assets/LowPolyInterior/Prefabs/Walls/Corner_10.prefab
  artifactKey: Guid(f97a40620c15d444896f54624cd30e8c) Importer(815301076,1909f56bfc062723c751e8b465ee728b)
Start importing Assets/LowPolyInterior/Prefabs/Walls/Corner_10.prefab using Guid(f97a40620c15d444896f54624cd30e8c) Importer(815301076,1909f56bfc062723c751e8b465ee728b)  -> (artifact id: 'd0452f436f1d094722c2fb4a9172079f') in 0.039686 seconds 
========================================================================
Received Import Request.
  Time since last request: 0.582532 seconds.
  path: Assets/LowPolyInterior/Prefabs/Walls/Door_03.prefab
  artifactKey: Guid(0a61b0710770f74469c79b1cb6fe033b) Importer(815301076,1909f56bfc062723c751e8b465ee728b)
Start importing Assets/LowPolyInterior/Prefabs/Walls/Door_03.prefab using Guid(0a61b0710770f74469c79b1cb6fe033b) Importer(815301076,1909f56bfc062723c751e8b465ee728b)  -> (artifact id: 'd850ee8e4ce403f9ab0b4d684dd31193') in 0.033090 seconds 
========================================================================
Received Import Request.
  Time since last request: 0.000053 seconds.
  path: Assets/LowPolyInterior/Prefabs/Walls/Door_05.prefab
  artifactKey: Guid(e5f53f3e0e1518c4c9ec3be6d16f67b5) Importer(815301076,1909f56bfc062723c751e8b465ee728b)
Start importing Assets/LowPolyInterior/Prefabs/Walls/Door_05.prefab using Guid(e5f53f3e0e1518c4c9ec3be6d16f67b5) Importer(815301076,1909f56bfc062723c751e8b465ee728b)  -> (artifact id: 'eb68d95a7e79c355047a99e10ec72fa3') in 0.035885 seconds 
========================================================================
Received Import Request.
  Time since last request: 0.025319 seconds.
  path: Assets/LowPolyInterior/Prefabs/Walls/Stairs_01.prefab
  artifactKey: Guid(6042bae078284914db7198ad81d629e9) Importer(815301076,1909f56bfc062723c751e8b465ee728b)
Start importing Assets/LowPolyInterior/Prefabs/Walls/Stairs_01.prefab using Guid(6042bae078284914db7198ad81d629e9) Importer(815301076,1909f56bfc062723c751e8b465ee728b)  -> (artifact id: 'e227b92b77ce474741002e3435f0f36c') in 0.034528 seconds 
========================================================================
Received Import Request.
  Time since last request: 0.455080 seconds.
  path: Assets/LowPolyInterior/Prefabs/Walls/StairsPart_01.prefab
  artifactKey: Guid(bbe392a0da712f246b1786eb3d8404c0) Importer(815301076,1909f56bfc062723c751e8b465ee728b)
Start importing Assets/LowPolyInterior/Prefabs/Walls/StairsPart_01.prefab using Guid(bbe392a0da712f246b1786eb3d8404c0) Importer(815301076,1909f56bfc062723c751e8b465ee728b)  -> (artifact id: '855c19b8dbc46fc7532ae756d3a01862') in 0.032037 seconds 
========================================================================
Received Import Request.
  Time since last request: 0.033267 seconds.
  path: Assets/LowPolyInterior/Prefabs/Walls/Wall_03.prefab
  artifactKey: Guid(4b93f746f39ddf240a41cc57b41e1887) Importer(815301076,1909f56bfc062723c751e8b465ee728b)
Start importing Assets/LowPolyInterior/Prefabs/Walls/Wall_03.prefab using Guid(4b93f746f39ddf240a41cc57b41e1887) Importer(815301076,1909f56bfc062723c751e8b465ee728b)  -> (artifact id: '533ebf2427c02298416671a5bb27eb29') in 0.032324 seconds 
========================================================================
Received Import Request.
  Time since last request: 0.007220 seconds.
  path: Assets/LowPolyInterior/Prefabs/Walls/Wall_07.prefab
  artifactKey: Guid(c7c5366c02b019c4b977fa4c5d4d8e58) Importer(815301076,1909f56bfc062723c751e8b465ee728b)
Start importing Assets/LowPolyInterior/Prefabs/Walls/Wall_07.prefab using Guid(c7c5366c02b019c4b977fa4c5d4d8e58) Importer(815301076,1909f56bfc062723c751e8b465ee728b)  -> (artifact id: '971aad5b6c436ec9ad3d1c880e229d4c') in 0.031992 seconds 
========================================================================
Received Import Request.
  Time since last request: 0.027458 seconds.
  path: Assets/LowPolyInterior/Prefabs/Walls/Wall_10.prefab
  artifactKey: Guid(f9c7cd5d014f09143a2eefd9396e6628) Importer(815301076,1909f56bfc062723c751e8b465ee728b)
Start importing Assets/LowPolyInterior/Prefabs/Walls/Wall_10.prefab using Guid(f9c7cd5d014f09143a2eefd9396e6628) Importer(815301076,1909f56bfc062723c751e8b465ee728b)  -> (artifact id: '60509eb56fbec695e25f0ea91538b72c') in 0.031856 seconds 
========================================================================
Received Import Request.
  Time since last request: 0.690787 seconds.
  path: Assets/LowPolyInterior/Prefabs/Walls/Wall_13.prefab
  artifactKey: Guid(081dc4f08fbc04e4fbe7c287a49829f6) Importer(815301076,1909f56bfc062723c751e8b465ee728b)
Start importing Assets/LowPolyInterior/Prefabs/Walls/Wall_13.prefab using Guid(081dc4f08fbc04e4fbe7c287a49829f6) Importer(815301076,1909f56bfc062723c751e8b465ee728b)  -> (artifact id: '7a0994e11f5afae9361a9cc8f670bc1f') in 0.032086 seconds 
========================================================================
Received Import Request.
  Time since last request: 0.000028 seconds.
  path: Assets/LowPolyInterior/Prefabs/Walls/WallFloor1_03.prefab
  artifactKey: Guid(9c69e26437860ec45953224eed28846c) Importer(815301076,1909f56bfc062723c751e8b465ee728b)
Start importing Assets/LowPolyInterior/Prefabs/Walls/WallFloor1_03.prefab using Guid(9c69e26437860ec45953224eed28846c) Importer(815301076,1909f56bfc062723c751e8b465ee728b)  -> (artifact id: '432f5d15cfe67316132c103673bb77c2') in 0.031244 seconds 
========================================================================
Received Import Request.
  Time since last request: 0.017617 seconds.
  path: Assets/LowPolyInterior/Prefabs/Walls/WallFloor1_06.prefab
  artifactKey: Guid(2fd3ee0389fc8cb4c9f6314bd779afb3) Importer(815301076,1909f56bfc062723c751e8b465ee728b)
Start importing Assets/LowPolyInterior/Prefabs/Walls/WallFloor1_06.prefab using Guid(2fd3ee0389fc8cb4c9f6314bd779afb3) Importer(815301076,1909f56bfc062723c751e8b465ee728b)  -> (artifact id: '55ccf14683f5f181e80f874753eb1758') in 0.030110 seconds 
========================================================================
Received Import Request.
  Time since last request: 0.904988 seconds.
  path: Assets/LowPolyInterior/Prefabs/Walls/WallFloor1_09.prefab
  artifactKey: Guid(5f3a38d534e5b9a4fa9cd3b3ec81dfb2) Importer(815301076,1909f56bfc062723c751e8b465ee728b)
Start importing Assets/LowPolyInterior/Prefabs/Walls/WallFloor1_09.prefab using Guid(5f3a38d534e5b9a4fa9cd3b3ec81dfb2) Importer(815301076,1909f56bfc062723c751e8b465ee728b)  -> (artifact id: 'ab066b5caaad9c2973989f01c3cfc2cd') in 0.032933 seconds 
========================================================================
Received Import Request.
  Time since last request: 0.079268 seconds.
  path: Assets/LowPolyInterior/Prefabs/Walls/WallFloor1_12.prefab
  artifactKey: Guid(9c0fbda2d76f3b8408107821d81efc7b) Importer(815301076,1909f56bfc062723c751e8b465ee728b)
Start importing Assets/LowPolyInterior/Prefabs/Walls/WallFloor1_12.prefab using Guid(9c0fbda2d76f3b8408107821d81efc7b) Importer(815301076,1909f56bfc062723c751e8b465ee728b)  -> (artifact id: '45b012c9333cd2e56743be03aa2d0bd0') in 0.030474 seconds 
========================================================================
Received Import Request.
  Time since last request: 0.440282 seconds.
  path: Assets/LowPolyInterior/Prefabs/Walls/WallFloor2_03.prefab
  artifactKey: Guid(83044d516daa01f48880119f759b5243) Importer(815301076,1909f56bfc062723c751e8b465ee728b)
Start importing Assets/LowPolyInterior/Prefabs/Walls/WallFloor2_03.prefab using Guid(83044d516daa01f48880119f759b5243) Importer(815301076,1909f56bfc062723c751e8b465ee728b)  -> (artifact id: '567c1474e73cfd8f60fd755826587353') in 0.032174 seconds 
========================================================================
Received Import Request.
  Time since last request: 0.000041 seconds.
  path: Assets/LowPolyInterior/Prefabs/Walls/WallFloor2_05.prefab
  artifactKey: Guid(bc79b4c0d4a580144aeb0f6d1051aa31) Importer(815301076,1909f56bfc062723c751e8b465ee728b)
Start importing Assets/LowPolyInterior/Prefabs/Walls/WallFloor2_05.prefab using Guid(bc79b4c0d4a580144aeb0f6d1051aa31) Importer(815301076,1909f56bfc062723c751e8b465ee728b)  -> (artifact id: '920fa119b01e49a411616a29b4c4f1c0') in 0.035621 seconds 
========================================================================
Received Import Request.
  Time since last request: 0.010238 seconds.
  path: Assets/LowPolyInterior/Prefabs/Walls/WallFloor2_11.prefab
  artifactKey: Guid(5047e8fa0c69072478a0c0a98400ce1c) Importer(815301076,1909f56bfc062723c751e8b465ee728b)
Start importing Assets/LowPolyInterior/Prefabs/Walls/WallFloor2_11.prefab using Guid(5047e8fa0c69072478a0c0a98400ce1c) Importer(815301076,1909f56bfc062723c751e8b465ee728b)  -> (artifact id: '4a407080dc9116d088810f5e81c67b97') in 0.038082 seconds 
========================================================================
Received Import Request.
  Time since last request: 0.006557 seconds.
  path: Assets/LowPolyInterior/Prefabs/Walls/WallFloor2_15.prefab
  artifactKey: Guid(95d9a3adc0f12e145bed59faef1958a2) Importer(815301076,1909f56bfc062723c751e8b465ee728b)
Start importing Assets/LowPolyInterior/Prefabs/Walls/WallFloor2_15.prefab using Guid(95d9a3adc0f12e145bed59faef1958a2) Importer(815301076,1909f56bfc062723c751e8b465ee728b)  -> (artifact id: 'e192a0126ae14b0ca1d32ae0ee2c1691') in 0.034462 seconds 
========================================================================
Received Import Request.
  Time since last request: 0.000026 seconds.
  path: Assets/LowPolyInterior/Prefabs/Walls/WallFloor2_17.prefab
  artifactKey: Guid(4074e3cdd8bd7c344bfe67b5d4d7ec43) Importer(815301076,1909f56bfc062723c751e8b465ee728b)
Start importing Assets/LowPolyInterior/Prefabs/Walls/WallFloor2_17.prefab using Guid(4074e3cdd8bd7c344bfe67b5d4d7ec43) Importer(815301076,1909f56bfc062723c751e8b465ee728b)  -> (artifact id: 'de365adc3d3f1c78787122f21a3b79bc') in 0.038962 seconds 
========================================================================
Received Import Request.
  Time since last request: 0.000038 seconds.
  path: Assets/LowPolyInterior/Prefabs/Walls/WallFloor2_22.prefab
  artifactKey: Guid(d534dd241856e5f4c8a4e3636aa81155) Importer(815301076,1909f56bfc062723c751e8b465ee728b)
Start importing Assets/LowPolyInterior/Prefabs/Walls/WallFloor2_22.prefab using Guid(d534dd241856e5f4c8a4e3636aa81155) Importer(815301076,1909f56bfc062723c751e8b465ee728b)  -> (artifact id: 'b216f1c3135dd56e0e66caccd597d1c9') in 0.039399 seconds 
========================================================================
Received Import Request.
  Time since last request: 10.077496 seconds.
  path: Assets/LowPolyInterior/Prefabs/InteractiveFurniture/InteractiveFurniture_02.prefab
  artifactKey: Guid(1eb1e3fef5ac4974e8574c8908885710) Importer(815301076,1909f56bfc062723c751e8b465ee728b)
Start importing Assets/LowPolyInterior/Prefabs/InteractiveFurniture/InteractiveFurniture_02.prefab using Guid(1eb1e3fef5ac4974e8574c8908885710) Importer(815301076,1909f56bfc062723c751e8b465ee728b)  -> (artifact id: '1450f626aa2f9ca156ee1e70ea0b8313') in 0.036246 seconds 
========================================================================
Received Import Request.
  Time since last request: 0.000030 seconds.
  path: Assets/LowPolyInterior/Prefabs/InteractiveFurniture/InteractiveFurniture_07.prefab
  artifactKey: Guid(f271aca5ff5362b47afb20c27b9d20b9) Importer(815301076,1909f56bfc062723c751e8b465ee728b)
Start importing Assets/LowPolyInterior/Prefabs/InteractiveFurniture/InteractiveFurniture_07.prefab using Guid(f271aca5ff5362b47afb20c27b9d20b9) Importer(815301076,1909f56bfc062723c751e8b465ee728b)  -> (artifact id: '86a9d1abbe680e745db98d0545b945df') in 0.037101 seconds 
========================================================================
Received Import Request.
  Time since last request: 0.000040 seconds.
  path: Assets/LowPolyInterior/Prefabs/InteractiveFurniture/InteractiveFurniture_09.prefab
  artifactKey: Guid(011e32ceb24c31e429a43daa3aa183ec) Importer(815301076,1909f56bfc062723c751e8b465ee728b)
Start importing Assets/LowPolyInterior/Prefabs/InteractiveFurniture/InteractiveFurniture_09.prefab using Guid(011e32ceb24c31e429a43daa3aa183ec) Importer(815301076,1909f56bfc062723c751e8b465ee728b)  -> (artifact id: 'fc54bc718ebeaccd114d2439a11923ff') in 0.054929 seconds 
========================================================================
Received Import Request.
  Time since last request: 0.000051 seconds.
  path: Assets/LowPolyInterior/Prefabs/InteractiveFurniture/InteractiveFurniture_05.prefab
  artifactKey: Guid(118f5c0f8a845fa4eb7aba6fe0213be0) Importer(815301076,1909f56bfc062723c751e8b465ee728b)
Start importing Assets/LowPolyInterior/Prefabs/InteractiveFurniture/InteractiveFurniture_05.prefab using Guid(118f5c0f8a845fa4eb7aba6fe0213be0) Importer(815301076,1909f56bfc062723c751e8b465ee728b)  -> (artifact id: 'a2a69fcfaae14d2bd708703ba323665c') in 0.040362 seconds 
========================================================================
Received Import Request.
  Time since last request: 0.661079 seconds.
  path: Assets/LowPolyInterior/Prefabs/InteractiveFurniture/InteractiveFurniture_18.prefab
  artifactKey: Guid(57b7b853a9f274947acb9401cf1babd9) Importer(815301076,1909f56bfc062723c751e8b465ee728b)
Start importing Assets/LowPolyInterior/Prefabs/InteractiveFurniture/InteractiveFurniture_18.prefab using Guid(57b7b853a9f274947acb9401cf1babd9) Importer(815301076,1909f56bfc062723c751e8b465ee728b)  -> (artifact id: '67ba841a302da9dcc1fdcca50ed7e71a') in 0.034081 seconds 
========================================================================
Received Import Request.
  Time since last request: 0.000029 seconds.
  path: Assets/LowPolyInterior/Prefabs/InteractiveFurniture/InteractiveSink_03.prefab
  artifactKey: Guid(f5e63974d333a4a42873f3b4e18a4c28) Importer(815301076,1909f56bfc062723c751e8b465ee728b)
Start importing Assets/LowPolyInterior/Prefabs/InteractiveFurniture/InteractiveSink_03.prefab using Guid(f5e63974d333a4a42873f3b4e18a4c28) Importer(815301076,1909f56bfc062723c751e8b465ee728b)  -> (artifact id: '8ce1e024b3f1cb6808e819b73bda3cef') in 0.043940 seconds 
========================================================================
Received Import Request.
  Time since last request: 0.000034 seconds.
  path: Assets/LowPolyInterior/Prefabs/InteractiveFurniture/ShowerTable_03.prefab
  artifactKey: Guid(2a0ac07b20883fc429ce3ca3b465c717) Importer(815301076,1909f56bfc062723c751e8b465ee728b)
Start importing Assets/LowPolyInterior/Prefabs/InteractiveFurniture/ShowerTable_03.prefab using Guid(2a0ac07b20883fc429ce3ca3b465c717) Importer(815301076,1909f56bfc062723c751e8b465ee728b)  -> (artifact id: '987d95d9f1eb2ca529d5c5d238ae4a81') in 0.038425 seconds 
========================================================================
Received Import Request.
  Time since last request: 8.040629 seconds.
  path: Assets/LowPolyInterior/Prefabs/Particles/Particles_Fire_02.prefab
  artifactKey: Guid(34c2eb518c8f5904781322019a1deca0) Importer(815301076,1909f56bfc062723c751e8b465ee728b)
Start importing Assets/LowPolyInterior/Prefabs/Particles/Particles_Fire_02.prefab using Guid(34c2eb518c8f5904781322019a1deca0) Importer(815301076,1909f56bfc062723c751e8b465ee728b)  -> (artifact id: 'ae88abfe340c352bdab8569281d8409e') in 0.031195 seconds 
========================================================================
Received Import Request.
  Time since last request: 3.377594 seconds.
  path: Assets/LowPolyInterior/Prefabs/Room/Bed2_02.prefab
  artifactKey: Guid(c9be73b83aebc3344840979b028ec7aa) Importer(815301076,1909f56bfc062723c751e8b465ee728b)
Start importing Assets/LowPolyInterior/Prefabs/Room/Bed2_02.prefab using Guid(c9be73b83aebc3344840979b028ec7aa) Importer(815301076,1909f56bfc062723c751e8b465ee728b)  -> (artifact id: 'c76c3db0b58eaee6908542e95242b03e') in 0.033744 seconds 
========================================================================
Received Import Request.
  Time since last request: 0.000041 seconds.
  path: Assets/LowPolyInterior/Prefabs/Room/Bed_Table_02.prefab
  artifactKey: Guid(6d40f80c53af9d84493778d071031acf) Importer(815301076,1909f56bfc062723c751e8b465ee728b)
Start importing Assets/LowPolyInterior/Prefabs/Room/Bed_Table_02.prefab using Guid(6d40f80c53af9d84493778d071031acf) Importer(815301076,1909f56bfc062723c751e8b465ee728b)  -> (artifact id: '53bac45203b0fab3afeaac6a188dd775') in 0.033195 seconds 
========================================================================
Received Import Request.
  Time since last request: 0.000053 seconds.
  path: Assets/LowPolyInterior/Prefabs/Room/Bed_Table_01.prefab
  artifactKey: Guid(05a51e2c1a361714d8b8e3f27566d388) Importer(815301076,1909f56bfc062723c751e8b465ee728b)
Start importing Assets/LowPolyInterior/Prefabs/Room/Bed_Table_01.prefab using Guid(05a51e2c1a361714d8b8e3f27566d388) Importer(815301076,1909f56bfc062723c751e8b465ee728b)  -> (artifact id: '6df449b1f11fff1fa4dc63a300429d86') in 0.033537 seconds 
========================================================================
Received Import Request.
  Time since last request: 0.000031 seconds.
  path: Assets/LowPolyInterior/Prefabs/Room/Book_01.prefab
  artifactKey: Guid(a7581c422d68c894b8e1f79d4a93ec06) Importer(815301076,1909f56bfc062723c751e8b465ee728b)
Start importing Assets/LowPolyInterior/Prefabs/Room/Book_01.prefab using Guid(a7581c422d68c894b8e1f79d4a93ec06) Importer(815301076,1909f56bfc062723c751e8b465ee728b)  -> (artifact id: '54331f89751dfa48ecec95e735cd1a38') in 0.036571 seconds 
========================================================================
Received Import Request.
  Time since last request: 0.532161 seconds.
  path: Assets/LowPolyInterior/Prefabs/Room/Bed1_02.prefab
  artifactKey: Guid(38ed3402bbe478140ac71754fc3215f9) Importer(815301076,1909f56bfc062723c751e8b465ee728b)
Start importing Assets/LowPolyInterior/Prefabs/Room/Bed1_02.prefab using Guid(38ed3402bbe478140ac71754fc3215f9) Importer(815301076,1909f56bfc062723c751e8b465ee728b)  -> (artifact id: '045fcc59c445434b13b02680f6588dd3') in 0.039079 seconds 
========================================================================
Received Import Request.
  Time since last request: 0.575113 seconds.
  path: Assets/LowPolyInterior/Prefabs/Room/Catpet_05.prefab
  artifactKey: Guid(921477ce2a00fe441a080957e15590e2) Importer(815301076,1909f56bfc062723c751e8b465ee728b)
Start importing Assets/LowPolyInterior/Prefabs/Room/Catpet_05.prefab using Guid(921477ce2a00fe441a080957e15590e2) Importer(815301076,1909f56bfc062723c751e8b465ee728b)  -> (artifact id: '2cc6b583d21ecc5363a1b427799ef031') in 0.035494 seconds 
========================================================================
Received Import Request.
  Time since last request: 0.000061 seconds.
  path: Assets/LowPolyInterior/Prefabs/Room/Clock_02.prefab
  artifactKey: Guid(fef6158bd1cb2a94d8fe92761fa5b038) Importer(815301076,1909f56bfc062723c751e8b465ee728b)
Start importing Assets/LowPolyInterior/Prefabs/Room/Clock_02.prefab using Guid(fef6158bd1cb2a94d8fe92761fa5b038) Importer(815301076,1909f56bfc062723c751e8b465ee728b)  -> (artifact id: '815dd3414b6b8be25680af94a963fe97') in 0.035040 seconds 
========================================================================
Received Import Request.
  Time since last request: 0.000031 seconds.
  path: Assets/LowPolyInterior/Prefabs/Room/Darts.prefab
  artifactKey: Guid(05b19b84434e65c4b96f440208104d6c) Importer(815301076,1909f56bfc062723c751e8b465ee728b)
Start importing Assets/LowPolyInterior/Prefabs/Room/Darts.prefab using Guid(05b19b84434e65c4b96f440208104d6c) Importer(815301076,1909f56bfc062723c751e8b465ee728b)  -> (artifact id: 'fef2ca0cd210fa6c4d7a576d88e0f648') in 0.031071 seconds 
========================================================================
Received Import Request.
  Time since last request: 0.004332 seconds.
  path: Assets/LowPolyInterior/Prefabs/Room/Hook_02.prefab
  artifactKey: Guid(69e0e08860c9393408b23c9168a9de49) Importer(815301076,1909f56bfc062723c751e8b465ee728b)
Start importing Assets/LowPolyInterior/Prefabs/Room/Hook_02.prefab using Guid(69e0e08860c9393408b23c9168a9de49) Importer(815301076,1909f56bfc062723c751e8b465ee728b)  -> (artifact id: '204a93c07bc6e38b152bdaea00204bb3') in 0.036258 seconds 
========================================================================
Received Import Request.
  Time since last request: 0.399767 seconds.
  path: Assets/LowPolyInterior/Prefabs/Room/Mirror_01.prefab
  artifactKey: Guid(05976da1c7e2c744994a6574f1a7c686) Importer(815301076,1909f56bfc062723c751e8b465ee728b)
Start importing Assets/LowPolyInterior/Prefabs/Room/Mirror_01.prefab using Guid(05976da1c7e2c744994a6574f1a7c686) Importer(815301076,1909f56bfc062723c751e8b465ee728b)  -> (artifact id: '0d8cd8ab6cd88c174f946fdad3cf94e4') in 0.039276 seconds 
========================================================================
Received Import Request.
  Time since last request: 0.043916 seconds.
  path: Assets/LowPolyInterior/Prefabs/Room/NoteBook_02.prefab
  artifactKey: Guid(2ddf1684d4a2993469e6e913e0979768) Importer(815301076,1909f56bfc062723c751e8b465ee728b)
Start importing Assets/LowPolyInterior/Prefabs/Room/NoteBook_02.prefab using Guid(2ddf1684d4a2993469e6e913e0979768) Importer(815301076,1909f56bfc062723c751e8b465ee728b)  -> (artifact id: '5977ccfb3c8f713d409853683ce8af70') in 0.030557 seconds 
========================================================================
Received Import Request.
  Time since last request: 0.185473 seconds.
  path: Assets/LowPolyInterior/Prefabs/Room/OfficeChair_02.prefab
  artifactKey: Guid(a08c4b6d001e9ae4eb7ed89cf1200f74) Importer(815301076,1909f56bfc062723c751e8b465ee728b)
Start importing Assets/LowPolyInterior/Prefabs/Room/OfficeChair_02.prefab using Guid(a08c4b6d001e9ae4eb7ed89cf1200f74) Importer(815301076,1909f56bfc062723c751e8b465ee728b)  -> (artifact id: 'e09a38316ce1c5cb62f27a93739a46e7') in 0.031079 seconds 
========================================================================
Received Import Request.
  Time since last request: 0.035622 seconds.
  path: Assets/LowPolyInterior/Prefabs/Room/PC.prefab
  artifactKey: Guid(f7d4b943c25cc374b8bdeb428edda149) Importer(815301076,1909f56bfc062723c751e8b465ee728b)
Start importing Assets/LowPolyInterior/Prefabs/Room/PC.prefab using Guid(f7d4b943c25cc374b8bdeb428edda149) Importer(815301076,1909f56bfc062723c751e8b465ee728b)  -> (artifact id: '2c7de882f45f5582240c15454e62a654') in 0.031002 seconds 
========================================================================
Received Import Request.
  Time since last request: 0.069210 seconds.
  path: Assets/LowPolyInterior/Prefabs/Room/PhotoFrame.prefab
  artifactKey: Guid(5566f40006009174baf91ddd4a5289b8) Importer(815301076,1909f56bfc062723c751e8b465ee728b)
Start importing Assets/LowPolyInterior/Prefabs/Room/PhotoFrame.prefab using Guid(5566f40006009174baf91ddd4a5289b8) Importer(815301076,1909f56bfc062723c751e8b465ee728b)  -> (artifact id: 'e4d97518d6b5d63cef5d5a2d99eb8f9f') in 0.034375 seconds 
========================================================================
Received Import Request.
  Time since last request: 10.259947 seconds.
  path: Assets/LowPolyInterior/Prefabs/Room/Picture_03.prefab
  artifactKey: Guid(788ef17667cdad549a1b52c9f37b2c65) Importer(815301076,1909f56bfc062723c751e8b465ee728b)
Start importing Assets/LowPolyInterior/Prefabs/Room/Picture_03.prefab using Guid(788ef17667cdad549a1b52c9f37b2c65) Importer(815301076,1909f56bfc062723c751e8b465ee728b)  -> (artifact id: 'bdedb0f8f38dd90e3b5ceb02bcbf649f') in 0.045178 seconds 
========================================================================
Received Import Request.
  Time since last request: 0.000029 seconds.
  path: Assets/LowPolyInterior/Prefabs/Room/Picture_05.prefab
  artifactKey: Guid(baa58f2d8d22dc5409f628ea32370fd5) Importer(815301076,1909f56bfc062723c751e8b465ee728b)
Start importing Assets/LowPolyInterior/Prefabs/Room/Picture_05.prefab using Guid(baa58f2d8d22dc5409f628ea32370fd5) Importer(815301076,1909f56bfc062723c751e8b465ee728b)  -> (artifact id: 'e9eea5a9bfe57c350d80bf5e8e6bec62') in 0.033624 seconds 
========================================================================
Received Import Request.
  Time since last request: 0.042261 seconds.
  path: Assets/LowPolyInterior/Prefabs/Room/Picture_08.prefab
  artifactKey: Guid(ee9fdf0fa0a0e21478867fc42c8b407e) Importer(815301076,1909f56bfc062723c751e8b465ee728b)
Start importing Assets/LowPolyInterior/Prefabs/Room/Picture_08.prefab using Guid(ee9fdf0fa0a0e21478867fc42c8b407e) Importer(815301076,1909f56bfc062723c751e8b465ee728b)  -> (artifact id: '669d362199bad26a8fa47690ad925c5e') in 0.035888 seconds 
========================================================================
Received Import Request.
  Time since last request: 0.002544 seconds.
  path: Assets/LowPolyInterior/Prefabs/Room/RoomFurniture_01.prefab
  artifactKey: Guid(ff9e207164fca5248a9835631385ee48) Importer(815301076,1909f56bfc062723c751e8b465ee728b)
Start importing Assets/LowPolyInterior/Prefabs/Room/RoomFurniture_01.prefab using Guid(ff9e207164fca5248a9835631385ee48) Importer(815301076,1909f56bfc062723c751e8b465ee728b)  -> (artifact id: 'eeff4ce9d084fdf8d91f57ed5745b515') in 0.032179 seconds 
========================================================================
Received Import Request.
  Time since last request: 0.086647 seconds.
  path: Assets/LowPolyInterior/Prefabs/Room/RoomFurniture_04.prefab
  artifactKey: Guid(172e997a9d7966d4a8573f727738b543) Importer(815301076,1909f56bfc062723c751e8b465ee728b)
Start importing Assets/LowPolyInterior/Prefabs/Room/RoomFurniture_04.prefab using Guid(172e997a9d7966d4a8573f727738b543) Importer(815301076,1909f56bfc062723c751e8b465ee728b)  -> (artifact id: '6bde1daf4878396ebbe32db7d47ee777') in 0.030491 seconds 
========================================================================
Received Import Request.
  Time since last request: 137.184656 seconds.
  path: Assets/LowPolyInterior/Prefabs/Room/Picture_08.prefab
  artifactKey: Guid(ee9fdf0fa0a0e21478867fc42c8b407e) Importer(815301076,1909f56bfc062723c751e8b465ee728b)
Start importing Assets/LowPolyInterior/Prefabs/Room/Picture_08.prefab using Guid(ee9fdf0fa0a0e21478867fc42c8b407e) Importer(815301076,1909f56bfc062723c751e8b465ee728b)  -> (artifact id: '118256cf19af3ca33f7920b847d584cc') in 0.049254 seconds 
========================================================================
Received Import Request.
  Time since last request: 59.838666 seconds.
  path: Assets/LowPolyInterior/Models/Room/Picture_04.fbx
  artifactKey: Guid(437f5f8239449c94c9ee5699cf204632) Importer(815301076,1909f56bfc062723c751e8b465ee728b)
Start importing Assets/LowPolyInterior/Models/Room/Picture_04.fbx using Guid(437f5f8239449c94c9ee5699cf204632) Importer(815301076,1909f56bfc062723c751e8b465ee728b)  -> (artifact id: 'dafbf9423543e51d9f0603c0e59e169b') in 0.060712 seconds 
========================================================================
Received Import Request.
  Time since last request: 0.000047 seconds.
  path: Assets/LowPolyInterior/Models/Room/Picture_08.fbx
  artifactKey: Guid(718c3cd2196c7144aa2725aeb20ce1a9) Importer(815301076,1909f56bfc062723c751e8b465ee728b)
Start importing Assets/LowPolyInterior/Models/Room/Picture_08.fbx using Guid(718c3cd2196c7144aa2725aeb20ce1a9) Importer(815301076,1909f56bfc062723c751e8b465ee728b)  -> (artifact id: 'f0a415a99a2a5e03f978f2ceb73a4132') in 0.058554 seconds 
========================================================================
Received Import Request.
  Time since last request: 0.000041 seconds.
  path: Assets/LowPolyInterior/Models/Room/RoomFurniture_01.fbx
  artifactKey: Guid(936fc096278db32418672086a232d893) Importer(815301076,1909f56bfc062723c751e8b465ee728b)
Start importing Assets/LowPolyInterior/Models/Room/RoomFurniture_01.fbx using Guid(936fc096278db32418672086a232d893) Importer(815301076,1909f56bfc062723c751e8b465ee728b)  -> (artifact id: '80704ddd60d7d76ac8bba96d8fe7eefa') in 0.046283 seconds 
========================================================================
Received Import Request.
  Time since last request: 0.000043 seconds.
  path: Assets/LowPolyInterior/Models/Room/Pillow_03.fbx
  artifactKey: Guid(e4a0ac97d10d9144cb7fe64f515edb3d) Importer(815301076,1909f56bfc062723c751e8b465ee728b)
Start importing Assets/LowPolyInterior/Models/Room/Pillow_03.fbx using Guid(e4a0ac97d10d9144cb7fe64f515edb3d) Importer(815301076,1909f56bfc062723c751e8b465ee728b)  -> (artifact id: '5ba422490d088fe629d4ef71d3302371') in 0.053140 seconds 
========================================================================
Received Import Request.
  Time since last request: 0.000046 seconds.
  path: Assets/LowPolyInterior/Models/Room/RoomFurniture_03.fbx
  artifactKey: Guid(736d34d615d251040a2fc0ebbb86971c) Importer(815301076,1909f56bfc062723c751e8b465ee728b)
Start importing Assets/LowPolyInterior/Models/Room/RoomFurniture_03.fbx using Guid(736d34d615d251040a2fc0ebbb86971c) Importer(815301076,1909f56bfc062723c751e8b465ee728b)  -> (artifact id: '1a3b6036268edbc9a92d41a1e8c94aa6') in 0.041488 seconds 
========================================================================
Received Import Request.
  Time since last request: 0.000030 seconds.
  path: Assets/LowPolyInterior/Models/Room/RoomFurniture_02.fbx
  artifactKey: Guid(4cc410622071c254b9bbf3ab28122b19) Importer(815301076,1909f56bfc062723c751e8b465ee728b)
Start importing Assets/LowPolyInterior/Models/Room/RoomFurniture_02.fbx using Guid(4cc410622071c254b9bbf3ab28122b19) Importer(815301076,1909f56bfc062723c751e8b465ee728b)  -> (artifact id: 'b831464766f4c7c79d71b643a1215cb4') in 0.050722 seconds 
========================================================================
Received Import Request.
  Time since last request: 0.000038 seconds.
  path: Assets/LowPolyInterior/Models/Room/Picture_07.fbx
  artifactKey: Guid(98789b94cb1725744b924b9624924ff8) Importer(815301076,1909f56bfc062723c751e8b465ee728b)
Start importing Assets/LowPolyInterior/Models/Room/Picture_07.fbx using Guid(98789b94cb1725744b924b9624924ff8) Importer(815301076,1909f56bfc062723c751e8b465ee728b)  -> (artifact id: '4a5dac91c9e25ce07c8de0f1a9bd1bf2') in 0.044073 seconds 
========================================================================
Received Import Request.
  Time since last request: 3.868726 seconds.
  path: Assets/LowPolyInterior/Materials/LowPolyInterior_Glass.mat
  artifactKey: Guid(be2c38c1d71f6204bbd3901c1d6551b6) Importer(815301076,1909f56bfc062723c751e8b465ee728b)
Start importing Assets/LowPolyInterior/Materials/LowPolyInterior_Glass.mat using Guid(be2c38c1d71f6204bbd3901c1d6551b6) Importer(815301076,1909f56bfc062723c751e8b465ee728b)  -> (artifact id: 'a89e12674864856ee725ed5443bcbdfb') in 1.391692 seconds 
========================================================================
Received Import Request.
  Time since last request: 19.842105 seconds.
  path: Assets/Materials/FootFriction.physicMaterial
  artifactKey: Guid(ff05cd70bdae44b43853ffbc66315cdd) Importer(815301076,1909f56bfc062723c751e8b465ee728b)
Start importing Assets/Materials/FootFriction.physicMaterial using Guid(ff05cd70bdae44b43853ffbc66315cdd) Importer(815301076,1909f56bfc062723c751e8b465ee728b)  -> (artifact id: 'e81cac773eba88204570886e3296d64e') in 0.017712 seconds 
========================================================================
Received Import Request.
  Time since last request: 0.000030 seconds.
  path: Assets/Materials/Player2.mat
  artifactKey: Guid(7e69c00c6acdcd9469f83b20002eaccc) Importer(815301076,1909f56bfc062723c751e8b465ee728b)
Start importing Assets/Materials/Player2.mat using Guid(7e69c00c6acdcd9469f83b20002eaccc) Importer(815301076,1909f56bfc062723c751e8b465ee728b)  -> (artifact id: '574f72ae14da649bb4165156ff8b04a6') in 0.055165 seconds 
========================================================================
Received Import Request.
  Time since last request: 0.000025 seconds.
  path: Assets/Materials/WhiteWall.mat
  artifactKey: Guid(c5a60ac58883c6546a66a440c26e8fb7) Importer(815301076,1909f56bfc062723c751e8b465ee728b)
Start importing Assets/Materials/WhiteWall.mat using Guid(c5a60ac58883c6546a66a440c26e8fb7) Importer(815301076,1909f56bfc062723c751e8b465ee728b)  -> (artifact id: '2e96cc9754841bb01085eec101a06845') in 0.026964 seconds 
========================================================================
Received Import Request.
  Time since last request: 0.000045 seconds.
  path: Assets/Materials/Outline1.mat
  artifactKey: Guid(2d9dc7e30c70c16429c172d1c5087d5e) Importer(815301076,1909f56bfc062723c751e8b465ee728b)
Start importing Assets/Materials/Outline1.mat using Guid(2d9dc7e30c70c16429c172d1c5087d5e) Importer(815301076,1909f56bfc062723c751e8b465ee728b)  -> (artifact id: '6bf384c44924bdecda399dc56a1ea1c2') in 0.037155 seconds 
========================================================================
Received Import Request.
  Time since last request: 39.521754 seconds.
  path: Assets/Mocha Inc_/Active Ragdoll Character Controller/Materials/BubbleBase.mat
  artifactKey: Guid(12c47d4461732e74bb70dfeff153aa78) Importer(815301076,1909f56bfc062723c751e8b465ee728b)
Start importing Assets/Mocha Inc_/Active Ragdoll Character Controller/Materials/BubbleBase.mat using Guid(12c47d4461732e74bb70dfeff153aa78) Importer(815301076,1909f56bfc062723c751e8b465ee728b)  -> (artifact id: 'c1c76fcbabae2186003f6fe30f063597') in 0.023436 seconds 
========================================================================
Received Import Request.
  Time since last request: 0.000043 seconds.
  path: Assets/Mocha Inc_/Active Ragdoll Character Controller/Materials/BubbleJoint 1.mat
  artifactKey: Guid(34ee05d68ecbc5a4d97743ac92ed0f47) Importer(815301076,1909f56bfc062723c751e8b465ee728b)
Start importing Assets/Mocha Inc_/Active Ragdoll Character Controller/Materials/BubbleJoint 1.mat using Guid(34ee05d68ecbc5a4d97743ac92ed0f47) Importer(815301076,1909f56bfc062723c751e8b465ee728b)  -> (artifact id: '4cabcd026b28842a6b62e1de0780ef76') in 0.025370 seconds 
========================================================================
Received Import Request.
  Time since last request: 0.000033 seconds.
  path: Assets/LowPolyInterior/Models/Flowers/Flower_05.fbx
  artifactKey: Guid(9e46fa8cbed50524eba55fa63e8d81e4) Importer(815301076,1909f56bfc062723c751e8b465ee728b)
Start importing Assets/LowPolyInterior/Models/Flowers/Flower_05.fbx using Guid(9e46fa8cbed50524eba55fa63e8d81e4) Importer(815301076,1909f56bfc062723c751e8b465ee728b)  -> (artifact id: '438db443012a2f0f0972cbb80957baf1') in 0.054881 seconds 
========================================================================
Received Import Request.
  Time since last request: 0.000030 seconds.
  path: Assets/Mocha Inc_/Active Ragdoll Character Controller/Materials/ZombieBlood.mat
  artifactKey: Guid(f2d682152205e124c8de6e915c0e3e7f) Importer(815301076,1909f56bfc062723c751e8b465ee728b)
Start importing Assets/Mocha Inc_/Active Ragdoll Character Controller/Materials/ZombieBlood.mat using Guid(f2d682152205e124c8de6e915c0e3e7f) Importer(815301076,1909f56bfc062723c751e8b465ee728b)  -> (artifact id: '4c859a094e1744aa5591611798ed5b52') in 0.026946 seconds 
========================================================================
Received Import Request.
  Time since last request: 0.000030 seconds.
  path: Assets/TextMesh Pro/Resources/Fonts & Materials/LiberationSans SDF - Fallback.asset
  artifactKey: Guid(2e498d1c8094910479dc3e1b768306a4) Importer(815301076,1909f56bfc062723c751e8b465ee728b)
Start importing Assets/TextMesh Pro/Resources/Fonts & Materials/LiberationSans SDF - Fallback.asset using Guid(2e498d1c8094910479dc3e1b768306a4) Importer(815301076,1909f56bfc062723c751e8b465ee728b)  -> (artifact id: 'cdf5d0c58747e8f3fa6b34c063b6b800') in 0.053599 seconds 
========================================================================
Received Import Request.
  Time since last request: 0.000034 seconds.
  path: Assets/TextMesh Pro/Resources/Fonts & Materials/LiberationSans SDF - Drop Shadow.mat
  artifactKey: Guid(e73a58f6e2794ae7b1b7e50b7fb811b0) Importer(815301076,1909f56bfc062723c751e8b465ee728b)
Start importing Assets/TextMesh Pro/Resources/Fonts & Materials/LiberationSans SDF - Drop Shadow.mat using Guid(e73a58f6e2794ae7b1b7e50b7fb811b0) Importer(815301076,1909f56bfc062723c751e8b465ee728b)  -> (artifact id: '1b9a02facd689d77abb9bcd5789f029c') in 0.115693 seconds 
========================================================================
Received Import Request.
  Time since last request: 0.000059 seconds.
  path: Assets/Mocha Inc_/Active Ragdoll Character Controller/Materials/Silver.mat
  artifactKey: Guid(a549b84bfae425544b7e9976ec496954) Importer(815301076,1909f56bfc062723c751e8b465ee728b)
Start importing Assets/Mocha Inc_/Active Ragdoll Character Controller/Materials/Silver.mat using Guid(a549b84bfae425544b7e9976ec496954) Importer(815301076,1909f56bfc062723c751e8b465ee728b)  -> (artifact id: '4d1e3f38800586007700222b27117561') in 0.026603 seconds 
Editor requested this worker to shutdown with reason: Scaling down because of idle timeout
AssetImportWorker is now disconnected from the server
Process exiting
Exiting without the bug reporter. Application will terminate with return code 0